2025-09-26 10:57:39.249 [info] [main] Log level: Info
2025-09-26 10:57:39.249 [info] [main] Validating found git in: "git"
2025-09-26 10:57:39.249 [info] [main] Using git "2.43.0" from "git"
2025-09-26 10:57:39.249 [info] [Model][doInitialScan] Initial repository scan started
2025-09-26 10:57:39.249 [info] > git rev-parse --show-toplevel [249ms]
2025-09-26 10:57:39.249 [info] fatal: not a git repository (or any of the parent directories): .git
2025-09-26 10:57:39.250 [info] > git rev-parse --show-toplevel [3ms]
2025-09-26 10:57:39.250 [info] fatal: not a git repository (or any of the parent directories): .git
2025-09-26 10:57:40.069 [info] > git rev-parse --show-toplevel [166ms]
2025-09-26 10:57:40.069 [info] fatal: not a git repository (or any of the parent directories): .git
2025-09-26 10:57:40.144 [info] > git rev-parse --show-toplevel [18ms]
2025-09-26 10:57:40.144 [info] fatal: not a git repository (or any of the parent directories): .git
2025-09-26 10:57:40.176 [info] > git rev-parse --show-toplevel [23ms]
2025-09-26 10:57:40.176 [info] fatal: not a git repository (or any of the parent directories): .git
2025-09-26 10:57:40.221 [info] > git rev-parse --show-toplevel [40ms]
2025-09-26 10:57:40.221 [info] fatal: not a git repository (or any of the parent directories): .git
2025-09-26 10:57:40.228 [info] > git rev-parse --show-toplevel [1ms]
2025-09-26 10:57:40.228 [info] fatal: not a git repository (or any of the parent directories): .git
2025-09-26 10:57:40.230 [info] [Model][doInitialScan] Initial repository scan completed - repositories (0), closed repositories (0), parent repositories (0), unsafe repositories (0)
2025-09-26 10:57:40.863 [info] > git rev-parse --show-toplevel [1ms]
2025-09-26 10:57:40.863 [info] fatal: not a git repository (or any of the parent directories): .git
2025-09-26 11:03:02.684 [info] > git rev-parse --show-toplevel [10ms]
2025-09-26 11:03:02.722 [info] > git rev-parse --git-dir --git-common-dir --show-superproject-working-tree [11ms]
2025-09-26 11:03:02.761 [info] [Model][openRepository] Opened repository (path): /home/ubuntu/2.0 - Containerization with Docker [FASTAPI App]/student-project-tracker
2025-09-26 11:03:02.761 [info] [Model][openRepository] Opened repository (real path): /home/ubuntu/2.0 - Containerization with Docker [FASTAPI App]/student-project-tracker
2025-09-26 11:03:02.761 [info] [Model][openRepository] Opened repository (kind): repository
2025-09-26 11:03:02.793 [info] > git config --get commit.template [10ms]
2025-09-26 11:03:02.810 [info] > git for-each-ref --format=%(refname)%00%(upstream:short)%00%(objectname)%00%(upstream:track)%00%(upstream:remotename)%00%(upstream:remoteref) refs/heads/master refs/remotes/master [5ms]
2025-09-26 11:03:02.820 [warning] [Git][revParse] Unable to read file: ENOENT: no such file or directory, open '/home/ubuntu/2.0 - Containerization with Docker [FASTAPI App]/student-project-tracker/.git/refs/remotes/origin/master'
2025-09-26 11:03:02.822 [info] > git rev-parse refs/remotes/origin/master [2ms]
2025-09-26 11:03:02.853 [info] > git status -z -uall [20ms]
2025-09-26 11:03:02.854 [info] > git for-each-ref --sort -committerdate --format %(refname)%00%(objectname)%00%(*objectname) [6ms]
2025-09-26 11:03:03.066 [info] > git for-each-ref --format=%(refname)%00%(upstream:short)%00%(objectname)%00%(upstream:track)%00%(upstream:remotename)%00%(upstream:remoteref) refs/heads/master refs/remotes/master [90ms]
2025-09-26 11:03:03.090 [info] > git config --get commit.template [48ms]
2025-09-26 11:03:03.093 [info] > git config --get --local branch.master.vscode-merge-base [10ms]
2025-09-26 11:03:03.093 [warning] [Git][config] git config failed: Failed to execute git
2025-09-26 11:03:03.115 [info] > git reflog master --grep-reflog=branch: Created from *. [12ms]
2025-09-26 11:03:03.127 [info] > git for-each-ref --format=%(refname)%00%(upstream:short)%00%(objectname)%00%(upstream:track)%00%(upstream:remotename)%00%(upstream:remoteref) refs/heads/master refs/remotes/master [14ms]
2025-09-26 11:03:03.138 [warning] [Git][revParse] Unable to read file: ENOENT: no such file or directory, open '/home/ubuntu/2.0 - Containerization with Docker [FASTAPI App]/student-project-tracker/.git/refs/remotes/origin/master'
2025-09-26 11:03:03.139 [info] > git symbolic-ref --short refs/remotes/origin/HEAD [13ms]
2025-09-26 11:03:03.148 [info] > git rev-parse refs/remotes/origin/master [10ms]
2025-09-26 11:03:03.167 [info] > git status -z -uall [11ms]
2025-09-26 11:03:03.168 [info] > git for-each-ref --format=%(refname)%00%(upstream:short)%00%(objectname)%00%(upstream:track)%00%(upstream:remotename)%00%(upstream:remoteref) refs/heads/origin/master refs/remotes/origin/master [21ms]
2025-09-26 11:03:03.178 [info] > git for-each-ref --sort -committerdate --format %(refname)%00%(objectname)%00%(*objectname) [12ms]
2025-09-26 11:03:03.186 [info] > git config --add --local branch.master.vscode-merge-base origin/master [9ms]
2025-09-26 11:03:03.197 [info] > git config --get commit.template [2ms]
2025-09-26 11:03:03.210 [info] > git fetch [450ms]
2025-09-26 11:03:03.220 [info] > git for-each-ref --format=%(refname)%00%(upstream:short)%00%(objectname)%00%(upstream:track)%00%(upstream:remotename)%00%(upstream:remoteref) refs/heads/master refs/remotes/master [11ms]
2025-09-26 11:03:03.228 [warning] [Git][revParse] Unable to read file: ENOENT: no such file or directory, open '/home/ubuntu/2.0 - Containerization with Docker [FASTAPI App]/student-project-tracker/.git/refs/remotes/origin/master'
2025-09-26 11:03:03.229 [info] > git config --get commit.template [10ms]
2025-09-26 11:03:03.238 [info] > git rev-parse refs/remotes/origin/master [10ms]
2025-09-26 11:03:03.260 [info] > git merge-base refs/heads/master refs/remotes/origin/master [12ms]
2025-09-26 11:03:03.269 [info] > git for-each-ref --format=%(refname)%00%(upstream:short)%00%(objectname)%00%(upstream:track)%00%(upstream:remotename)%00%(upstream:remoteref) refs/heads/master refs/remotes/master [31ms]
2025-09-26 11:03:03.270 [info] > git merge-base refs/heads/master refs/remotes/origin/master [12ms]
2025-09-26 11:03:03.296 [warning] [Git][revParse] Unable to read file: ENOENT: no such file or directory, open '/home/ubuntu/2.0 - Containerization with Docker [FASTAPI App]/student-project-tracker/.git/refs/remotes/origin/master'
2025-09-26 11:03:03.301 [info] > git diff --name-status -z --diff-filter=ADMR 912305b5965a6e78b4125677ec4fa4554ac1b057...refs/remotes/origin/master [21ms]
2025-09-26 11:03:03.302 [info] > git diff --name-status -z --diff-filter=ADMR 912305b5965a6e78b4125677ec4fa4554ac1b057...refs/remotes/origin/master [33ms]
2025-09-26 11:03:03.302 [info] > git rev-parse refs/remotes/origin/master [6ms]
2025-09-26 11:03:03.321 [info] > git status -z -uall [10ms]
2025-09-26 11:03:03.323 [info] > git for-each-ref --sort -committerdate --format %(refname)%00%(objectname)%00%(*objectname) [3ms]
2025-09-26 11:03:03.619 [info] > git check-ignore -v -z --stdin [3ms]
2025-09-26 11:03:03.878 [info] > git show --textconv :app/database.py [12ms]
2025-09-26 11:03:03.879 [info] > git ls-files --stage -- app/database.py [2ms]
2025-09-26 11:03:03.892 [info] > git cat-file -s f2f8f7ef23d5626e5a08ace2984ee30d757d2ed6 [2ms]
2025-09-26 11:03:04.735 [info] > git config --get commit.template [9ms]
2025-09-26 11:03:04.736 [info] > git for-each-ref --format=%(refname)%00%(upstream:short)%00%(objectname)%00%(upstream:track)%00%(upstream:remotename)%00%(upstream:remoteref) refs/heads/master refs/remotes/master [2ms]
2025-09-26 11:03:04.744 [warning] [Git][revParse] Unable to read file: ENOENT: no such file or directory, open '/home/ubuntu/2.0 - Containerization with Docker [FASTAPI App]/student-project-tracker/.git/refs/remotes/origin/master'
2025-09-26 11:03:04.745 [info] > git rev-parse refs/remotes/origin/master [1ms]
2025-09-26 11:03:04.761 [info] > git status -z -uall [9ms]
2025-09-26 11:03:04.762 [info] > git for-each-ref --sort -committerdate --format %(refname)%00%(objectname)%00%(*objectname) [2ms]
2025-09-26 11:03:05.053 [info] > git ls-files --stage -- app/database.py [5ms]
2025-09-26 11:03:05.075 [info] > git cat-file -s f2f8f7ef23d5626e5a08ace2984ee30d757d2ed6 [4ms]
2025-09-26 11:03:05.321 [info] > git show --textconv :app/database.py [1ms]
2025-09-26 11:03:16.550 [info] > git rev-parse --show-toplevel [2ms]
2025-09-26 11:03:16.550 [info] fatal: not a git repository (or any of the parent directories): .git
2025-09-26 11:03:21.071 [info] > git show --textconv :app/database.py [8ms]
2025-09-26 11:03:21.072 [info] > git ls-files --stage -- app/database.py [2ms]
2025-09-26 11:03:21.080 [info] > git cat-file -s f2f8f7ef23d5626e5a08ace2984ee30d757d2ed6 [2ms]
2025-09-26 11:03:31.357 [info] > git rev-parse --show-toplevel [1ms]
2025-09-26 11:03:31.357 [info] fatal: not a git repository (or any of the parent directories): .git
2025-09-26 11:06:33.953 [info] > git fetch [132ms]
2025-09-26 11:06:33.970 [info] > git config --get commit.template [8ms]
2025-09-26 11:06:33.971 [info] > git for-each-ref --format=%(refname)%00%(upstream:short)%00%(objectname)%00%(upstream:track)%00%(upstream:remotename)%00%(upstream:remoteref) refs/heads/master refs/remotes/master [1ms]
2025-09-26 11:06:33.980 [warning] [Git][revParse] Unable to read file: ENOENT: no such file or directory, open '/home/ubuntu/2.0 - Containerization with Docker [FASTAPI App]/student-project-tracker/.git/refs/remotes/origin/master'
2025-09-26 11:06:33.981 [info] > git rev-parse refs/remotes/origin/master [2ms]
2025-09-26 11:06:33.998 [info] > git status -z -uall [9ms]
2025-09-26 11:06:33.999 [info] > git for-each-ref --sort -committerdate --format %(refname)%00%(objectname)%00%(*objectname) [2ms]
2025-09-26 11:06:35.400 [info] > git config --get commit.template [7ms]
2025-09-26 11:06:35.400 [info] > git for-each-ref --format=%(refname)%00%(upstream:short)%00%(objectname)%00%(upstream:track)%00%(upstream:remotename)%00%(upstream:remoteref) refs/heads/master refs/remotes/master [1ms]
2025-09-26 11:06:35.407 [warning] [Git][revParse] Unable to read file: ENOENT: no such file or directory, open '/home/ubuntu/2.0 - Containerization with Docker [FASTAPI App]/student-project-tracker/.git/refs/remotes/origin/master'
2025-09-26 11:06:35.408 [info] > git rev-parse refs/remotes/origin/master [1ms]
2025-09-26 11:06:35.421 [info] > git status -z -uall [7ms]
2025-09-26 11:06:35.422 [info] > git for-each-ref --sort -committerdate --format %(refname)%00%(objectname)%00%(*objectname) [2ms]
2025-09-26 11:09:33.446 [info] > git show --textconv :app/database.py [11ms]
2025-09-26 11:09:33.447 [info] > git ls-files --stage -- app/database.py [2ms]
2025-09-26 11:09:33.455 [info] > git cat-file -s f2f8f7ef23d5626e5a08ace2984ee30d757d2ed6 [2ms]
2025-09-26 11:09:34.175 [info] > git fetch [164ms]
2025-09-26 11:09:34.193 [info] > git config --get commit.template [9ms]
2025-09-26 11:09:34.194 [info] > git for-each-ref --format=%(refname)%00%(upstream:short)%00%(objectname)%00%(upstream:track)%00%(upstream:remotename)%00%(upstream:remoteref) refs/heads/master refs/remotes/master [2ms]
2025-09-26 11:09:34.202 [warning] [Git][revParse] Unable to read file: ENOENT: no such file or directory, open '/home/ubuntu/2.0 - Containerization with Docker [FASTAPI App]/student-project-tracker/.git/refs/remotes/origin/master'
2025-09-26 11:09:34.203 [info] > git rev-parse refs/remotes/origin/master [1ms]
2025-09-26 11:09:34.219 [info] > git status -z -uall [9ms]
2025-09-26 11:09:34.220 [info] > git for-each-ref --sort -committerdate --format %(refname)%00%(objectname)%00%(*objectname) [2ms]
2025-09-26 11:09:34.342 [info] > git blame --root --incremental 912305b5965a6e78b4125677ec4fa4554ac1b057 -- app/database.py [4ms]
2025-09-26 11:09:35.619 [info] > git config --get commit.template [2ms]
2025-09-26 11:09:35.628 [info] > git for-each-ref --format=%(refname)%00%(upstream:short)%00%(objectname)%00%(upstream:track)%00%(upstream:remotename)%00%(upstream:remoteref) refs/heads/master refs/remotes/master [2ms]
2025-09-26 11:09:35.636 [warning] [Git][revParse] Unable to read file: ENOENT: no such file or directory, open '/home/ubuntu/2.0 - Containerization with Docker [FASTAPI App]/student-project-tracker/.git/refs/remotes/origin/master'
2025-09-26 11:09:35.637 [info] > git rev-parse refs/remotes/origin/master [1ms]
2025-09-26 11:09:35.679 [info] > git status -z -uall [25ms]
2025-09-26 11:09:35.679 [info] > git for-each-ref --sort -committerdate --format %(refname)%00%(objectname)%00%(*objectname) [2ms]
2025-09-26 11:09:35.946 [info] > git ls-files --stage -- app/database.py [1ms]
2025-09-26 11:09:35.954 [info] > git cat-file -s f2f8f7ef23d5626e5a08ace2984ee30d757d2ed6 [1ms]
2025-09-26 11:09:36.219 [info] > git show --textconv :app/database.py [0ms]
2025-09-26 11:10:01.480 [info] > git rev-parse --show-toplevel [13ms]
2025-09-26 11:10:01.480 [info] fatal: not a git repository (or any of the parent directories): .git
2025-09-26 11:10:55.362 [info] > git show --textconv :app/database.py [8ms]
2025-09-26 11:10:55.363 [info] > git ls-files --stage -- app/database.py [2ms]
2025-09-26 11:10:55.371 [info] > git cat-file -s f2f8f7ef23d5626e5a08ace2984ee30d757d2ed6 [2ms]
2025-09-26 11:11:36.658 [info] > git config --get commit.template [2ms]
2025-09-26 11:11:36.668 [info] > git for-each-ref --format=%(refname)%00%(upstream:short)%00%(objectname)%00%(upstream:track)%00%(upstream:remotename)%00%(upstream:remoteref) refs/heads/master refs/remotes/master [2ms]
2025-09-26 11:11:36.676 [warning] [Git][revParse] Unable to read file: ENOENT: no such file or directory, open '/home/ubuntu/2.0 - Containerization with Docker [FASTAPI App]/student-project-tracker/.git/refs/remotes/origin/master'
2025-09-26 11:11:36.678 [info] > git rev-parse refs/remotes/origin/master [2ms]
2025-09-26 11:11:36.695 [info] > git status -z -uall [9ms]
2025-09-26 11:11:36.697 [info] > git for-each-ref --sort -committerdate --format %(refname)%00%(objectname)%00%(*objectname) [2ms]
2025-09-26 11:12:02.476 [info] > git config --get commit.template [7ms]
2025-09-26 11:12:02.548 [info] > git for-each-ref --format=%(refname)%00%(upstream:short)%00%(objectname)%00%(upstream:track)%00%(upstream:remotename)%00%(upstream:remoteref) refs/heads/master refs/remotes/master [10ms]
2025-09-26 11:12:02.573 [warning] [Git][revParse] Unable to read file: ENOENT: no such file or directory, open '/home/ubuntu/2.0 - Containerization with Docker [FASTAPI App]/student-project-tracker/.git/refs/remotes/origin/master'
2025-09-26 11:12:02.576 [info] > git rev-parse refs/remotes/origin/master [3ms]
2025-09-26 11:12:02.607 [info] > git status -z -uall [18ms]
2025-09-26 11:12:02.609 [info] > git for-each-ref --sort -committerdate --format %(refname)%00%(objectname)%00%(*objectname) [3ms]
2025-09-26 11:12:25.349 [info] > git config --get commit.template [11ms]
2025-09-26 11:12:25.350 [info] > git for-each-ref --format=%(refname)%00%(upstream:short)%00%(objectname)%00%(upstream:track)%00%(upstream:remotename)%00%(upstream:remoteref) refs/heads/master refs/remotes/master [2ms]
2025-09-26 11:12:25.358 [warning] [Git][revParse] Unable to read file: ENOENT: no such file or directory, open '/home/ubuntu/2.0 - Containerization with Docker [FASTAPI App]/student-project-tracker/.git/refs/remotes/origin/master'
2025-09-26 11:12:25.360 [info] > git rev-parse refs/remotes/origin/master [1ms]
2025-09-26 11:12:25.376 [info] > git status -z -uall [9ms]
2025-09-26 11:12:25.379 [info] > git for-each-ref --sort -committerdate --format %(refname)%00%(objectname)%00%(*objectname) [3ms]
2025-09-26 11:12:50.759 [info] > git fetch [136ms]
2025-09-26 11:12:50.775 [info] > git config --get commit.template [7ms]
2025-09-26 11:12:50.776 [info] > git for-each-ref --format=%(refname)%00%(upstream:short)%00%(objectname)%00%(upstream:track)%00%(upstream:remotename)%00%(upstream:remoteref) refs/heads/master refs/remotes/master [1ms]
2025-09-26 11:12:50.783 [warning] [Git][revParse] Unable to read file: ENOENT: no such file or directory, open '/home/ubuntu/2.0 - Containerization with Docker [FASTAPI App]/student-project-tracker/.git/refs/remotes/origin/master'
2025-09-26 11:12:50.784 [info] > git rev-parse refs/remotes/origin/master [1ms]
2025-09-26 11:12:50.797 [info] > git status -z -uall [7ms]
2025-09-26 11:12:50.799 [info] > git for-each-ref --sort -committerdate --format %(refname)%00%(objectname)%00%(*objectname) [3ms]
2025-09-26 11:12:52.187 [info] > git config --get commit.template [1ms]
2025-09-26 11:12:52.196 [info] > git for-each-ref --format=%(refname)%00%(upstream:short)%00%(objectname)%00%(upstream:track)%00%(upstream:remotename)%00%(upstream:remoteref) refs/heads/master refs/remotes/master [2ms]
2025-09-26 11:12:52.202 [warning] [Git][revParse] Unable to read file: ENOENT: no such file or directory, open '/home/ubuntu/2.0 - Containerization with Docker [FASTAPI App]/student-project-tracker/.git/refs/remotes/origin/master'
2025-09-26 11:12:52.203 [info] > git rev-parse refs/remotes/origin/master [1ms]
2025-09-26 11:12:52.217 [info] > git status -z -uall [7ms]
2025-09-26 11:12:52.218 [info] > git for-each-ref --sort -committerdate --format %(refname)%00%(objectname)%00%(*objectname) [2ms]
2025-09-26 11:12:52.515 [info] > git ls-files --stage -- app/database.py [2ms]
2025-09-26 11:12:52.523 [info] > git cat-file -s f2f8f7ef23d5626e5a08ace2984ee30d757d2ed6 [1ms]
2025-09-26 11:12:52.781 [info] > git show --textconv :app/database.py [2ms]
2025-09-26 11:13:45.590 [info] > git config --get commit.template [8ms]
2025-09-26 11:13:45.591 [info] > git for-each-ref --format=%(refname)%00%(upstream:short)%00%(objectname)%00%(upstream:track)%00%(upstream:remotename)%00%(upstream:remoteref) refs/heads/master refs/remotes/master [1ms]
2025-09-26 11:13:45.599 [warning] [Git][revParse] Unable to read file: ENOENT: no such file or directory, open '/home/ubuntu/2.0 - Containerization with Docker [FASTAPI App]/student-project-tracker/.git/refs/remotes/origin/master'
2025-09-26 11:13:45.601 [info] > git rev-parse refs/remotes/origin/master [2ms]
2025-09-26 11:13:45.619 [info] > git status -z -uall [11ms]
2025-09-26 11:13:45.619 [info] > git for-each-ref --sort -committerdate --format %(refname)%00%(objectname)%00%(*objectname) [2ms]
2025-09-26 11:13:50.639 [info] > git config --get commit.template [8ms]
2025-09-26 11:13:50.640 [info] > git for-each-ref --format=%(refname)%00%(upstream:short)%00%(objectname)%00%(upstream:track)%00%(upstream:remotename)%00%(upstream:remoteref) refs/heads/master refs/remotes/master [1ms]
2025-09-26 11:13:50.647 [warning] [Git][revParse] Unable to read file: ENOENT: no such file or directory, open '/home/ubuntu/2.0 - Containerization with Docker [FASTAPI App]/student-project-tracker/.git/refs/remotes/origin/master'
2025-09-26 11:13:50.649 [info] > git rev-parse refs/remotes/origin/master [2ms]
2025-09-26 11:13:50.664 [info] > git status -z -uall [8ms]
2025-09-26 11:13:50.666 [info] > git for-each-ref --sort -committerdate --format %(refname)%00%(objectname)%00%(*objectname) [2ms]
2025-09-26 11:16:55.173 [info] > git fetch [129ms]
2025-09-26 11:16:55.185 [info] > git config --get commit.template [3ms]
2025-09-26 11:16:55.194 [info] > git for-each-ref --format=%(refname)%00%(upstream:short)%00%(objectname)%00%(upstream:track)%00%(upstream:remotename)%00%(upstream:remoteref) refs/heads/master refs/remotes/master [2ms]
2025-09-26 11:16:55.201 [warning] [Git][revParse] Unable to read file: ENOENT: no such file or directory, open '/home/ubuntu/2.0 - Containerization with Docker [FASTAPI App]/student-project-tracker/.git/refs/remotes/origin/master'
2025-09-26 11:16:55.203 [info] > git rev-parse refs/remotes/origin/master [2ms]
2025-09-26 11:16:55.223 [info] > git status -z -uall [12ms]
2025-09-26 11:16:55.225 [info] > git for-each-ref --sort -committerdate --format %(refname)%00%(objectname)%00%(*objectname) [6ms]
2025-09-26 11:16:56.637 [info] > git config --get commit.template [11ms]
2025-09-26 11:16:56.637 [info] > git for-each-ref --format=%(refname)%00%(upstream:short)%00%(objectname)%00%(upstream:track)%00%(upstream:remotename)%00%(upstream:remoteref) refs/heads/master refs/remotes/master [2ms]
2025-09-26 11:16:56.645 [warning] [Git][revParse] Unable to read file: ENOENT: no such file or directory, open '/home/ubuntu/2.0 - Containerization with Docker [FASTAPI App]/student-project-tracker/.git/refs/remotes/origin/master'
2025-09-26 11:16:56.646 [info] > git rev-parse refs/remotes/origin/master [1ms]
2025-09-26 11:16:56.660 [info] > git status -z -uall [7ms]
2025-09-26 11:16:56.661 [info] > git for-each-ref --sort -committerdate --format %(refname)%00%(objectname)%00%(*objectname) [2ms]
2025-09-26 11:16:57.044 [info] > git ls-files --stage -- app/database.py [1ms]
2025-09-26 11:16:57.053 [info] > git cat-file -s f2f8f7ef23d5626e5a08ace2984ee30d757d2ed6 [2ms]
2025-09-26 11:16:57.281 [info] > git show --textconv :app/database.py [2ms]
2025-09-26 11:20:42.308 [info] > git fetch [133ms]
2025-09-26 11:20:42.335 [info] > git config --get commit.template [14ms]
2025-09-26 11:20:42.338 [info] > git for-each-ref --format=%(refname)%00%(upstream:short)%00%(objectname)%00%(upstream:track)%00%(upstream:remotename)%00%(upstream:remoteref) refs/heads/master refs/remotes/master [4ms]
2025-09-26 11:20:42.351 [warning] [Git][revParse] Unable to read file: ENOENT: no such file or directory, open '/home/ubuntu/2.0 - Containerization with Docker [FASTAPI App]/student-project-tracker/.git/refs/remotes/origin/master'
2025-09-26 11:20:42.351 [info] > git rev-parse refs/remotes/origin/master [2ms]
2025-09-26 11:20:42.376 [info] > git status -z -uall [14ms]
2025-09-26 11:20:42.377 [info] > git for-each-ref --sort -committerdate --format %(refname)%00%(objectname)%00%(*objectname) [2ms]
2025-09-26 11:20:43.767 [info] > git config --get commit.template [10ms]
2025-09-26 11:20:43.769 [info] > git for-each-ref --format=%(refname)%00%(upstream:short)%00%(objectname)%00%(upstream:track)%00%(upstream:remotename)%00%(upstream:remoteref) refs/heads/master refs/remotes/master [3ms]
2025-09-26 11:20:43.775 [warning] [Git][revParse] Unable to read file: ENOENT: no such file or directory, open '/home/ubuntu/2.0 - Containerization with Docker [FASTAPI App]/student-project-tracker/.git/refs/remotes/origin/master'
2025-09-26 11:20:43.776 [info] > git rev-parse refs/remotes/origin/master [1ms]
2025-09-26 11:20:43.790 [info] > git status -z -uall [7ms]
2025-09-26 11:20:43.791 [info] > git for-each-ref --sort -committerdate --format %(refname)%00%(objectname)%00%(*objectname) [1ms]
2025-09-26 11:20:44.097 [info] > git ls-files --stage -- app/database.py [1ms]
2025-09-26 11:20:44.105 [info] > git cat-file -s f2f8f7ef23d5626e5a08ace2984ee30d757d2ed6 [1ms]
2025-09-26 11:20:44.362 [info] > git show --textconv :app/database.py [1ms]
2025-09-26 11:23:42.518 [info] > git fetch [130ms]
2025-09-26 11:23:42.535 [info] > git config --get commit.template [4ms]
2025-09-26 11:23:42.547 [info] > git for-each-ref --format=%(refname)%00%(upstream:short)%00%(objectname)%00%(upstream:track)%00%(upstream:remotename)%00%(upstream:remoteref) refs/heads/master refs/remotes/master [2ms]
2025-09-26 11:23:42.554 [warning] [Git][revParse] Unable to read file: ENOENT: no such file or directory, open '/home/ubuntu/2.0 - Containerization with Docker [FASTAPI App]/student-project-tracker/.git/refs/remotes/origin/master'
2025-09-26 11:23:42.556 [info] > git rev-parse refs/remotes/origin/master [1ms]
2025-09-26 11:23:42.571 [info] > git status -z -uall [8ms]
2025-09-26 11:23:42.573 [info] > git for-each-ref --sort -committerdate --format %(refname)%00%(objectname)%00%(*objectname) [3ms]
2025-09-26 11:23:43.979 [info] > git config --get commit.template [8ms]
2025-09-26 11:23:43.980 [info] > git for-each-ref --format=%(refname)%00%(upstream:short)%00%(objectname)%00%(upstream:track)%00%(upstream:remotename)%00%(upstream:remoteref) refs/heads/master refs/remotes/master [1ms]
2025-09-26 11:23:43.987 [warning] [Git][revParse] Unable to read file: ENOENT: no such file or directory, open '/home/ubuntu/2.0 - Containerization with Docker [FASTAPI App]/student-project-tracker/.git/refs/remotes/origin/master'
2025-09-26 11:23:43.989 [info] > git rev-parse refs/remotes/origin/master [1ms]
2025-09-26 11:23:44.002 [info] > git status -z -uall [7ms]
2025-09-26 11:23:44.005 [info] > git for-each-ref --sort -committerdate --format %(refname)%00%(objectname)%00%(*objectname) [3ms]
2025-09-26 11:23:44.291 [info] > git ls-files --stage -- app/database.py [1ms]
2025-09-26 11:23:44.301 [info] > git cat-file -s f2f8f7ef23d5626e5a08ace2984ee30d757d2ed6 [1ms]
2025-09-26 11:23:44.527 [info] > git show --textconv :app/database.py [1ms]
2025-09-26 11:26:42.719 [info] > git fetch [129ms]
2025-09-26 11:26:42.739 [info] > git config --get commit.template [9ms]
2025-09-26 11:26:42.740 [info] > git for-each-ref --format=%(refname)%00%(upstream:short)%00%(objectname)%00%(upstream:track)%00%(upstream:remotename)%00%(upstream:remoteref) refs/heads/master refs/remotes/master [2ms]
2025-09-26 11:26:42.748 [warning] [Git][revParse] Unable to read file: ENOENT: no such file or directory, open '/home/ubuntu/2.0 - Containerization with Docker [FASTAPI App]/student-project-tracker/.git/refs/remotes/origin/master'
2025-09-26 11:26:42.749 [info] > git rev-parse refs/remotes/origin/master [1ms]
2025-09-26 11:26:42.766 [info] > git status -z -uall [8ms]
2025-09-26 11:26:42.767 [info] > git for-each-ref --sort -committerdate --format %(refname)%00%(objectname)%00%(*objectname) [1ms]
2025-09-26 11:26:44.175 [info] > git config --get commit.template [9ms]
2025-09-26 11:26:44.176 [info] > git for-each-ref --format=%(refname)%00%(upstream:short)%00%(objectname)%00%(upstream:track)%00%(upstream:remotename)%00%(upstream:remoteref) refs/heads/master refs/remotes/master [2ms]
2025-09-26 11:26:44.183 [warning] [Git][revParse] Unable to read file: ENOENT: no such file or directory, open '/home/ubuntu/2.0 - Containerization with Docker [FASTAPI App]/student-project-tracker/.git/refs/remotes/origin/master'
2025-09-26 11:26:44.185 [info] > git rev-parse refs/remotes/origin/master [2ms]
2025-09-26 11:26:44.200 [info] > git status -z -uall [8ms]
2025-09-26 11:26:44.201 [info] > git for-each-ref --sort -committerdate --format %(refname)%00%(objectname)%00%(*objectname) [2ms]
2025-09-26 11:26:44.485 [info] > git ls-files --stage -- app/database.py [1ms]
2025-09-26 11:26:44.495 [info] > git cat-file -s f2f8f7ef23d5626e5a08ace2984ee30d757d2ed6 [2ms]
2025-09-26 11:26:44.781 [info] > git show --textconv :app/database.py [2ms]
2025-09-26 11:30:23.421 [info] > git fetch [174ms]
2025-09-26 11:30:23.440 [info] > git config --get commit.template [9ms]
2025-09-26 11:30:23.441 [info] > git for-each-ref --format=%(refname)%00%(upstream:short)%00%(objectname)%00%(upstream:track)%00%(upstream:remotename)%00%(upstream:remoteref) refs/heads/master refs/remotes/master [2ms]
2025-09-26 11:30:23.450 [warning] [Git][revParse] Unable to read file: ENOENT: no such file or directory, open '/home/ubuntu/2.0 - Containerization with Docker [FASTAPI App]/student-project-tracker/.git/refs/remotes/origin/master'
2025-09-26 11:30:23.451 [info] > git rev-parse refs/remotes/origin/master [1ms]
2025-09-26 11:30:23.470 [info] > git status -z -uall [11ms]
2025-09-26 11:30:23.470 [info] > git for-each-ref --sort -committerdate --format %(refname)%00%(objectname)%00%(*objectname) [3ms]
2025-09-26 11:30:24.837 [info] > git config --get commit.template [9ms]
2025-09-26 11:30:24.838 [info] > git for-each-ref --format=%(refname)%00%(upstream:short)%00%(objectname)%00%(upstream:track)%00%(upstream:remotename)%00%(upstream:remoteref) refs/heads/master refs/remotes/master [2ms]
2025-09-26 11:30:24.846 [warning] [Git][revParse] Unable to read file: ENOENT: no such file or directory, open '/home/ubuntu/2.0 - Containerization with Docker [FASTAPI App]/student-project-tracker/.git/refs/remotes/origin/master'
2025-09-26 11:30:24.848 [info] > git rev-parse refs/remotes/origin/master [2ms]
2025-09-26 11:30:24.864 [info] > git status -z -uall [9ms]
2025-09-26 11:30:24.865 [info] > git for-each-ref --sort -committerdate --format %(refname)%00%(objectname)%00%(*objectname) [1ms]
2025-09-26 11:30:25.148 [info] > git ls-files --stage -- app/database.py [1ms]
2025-09-26 11:30:25.158 [info] > git cat-file -s f2f8f7ef23d5626e5a08ace2984ee30d757d2ed6 [2ms]
2025-09-26 11:30:25.414 [info] > git show --textconv :app/database.py [2ms]
2025-09-26 11:34:22.190 [info] > git fetch [126ms]
2025-09-26 11:34:22.208 [info] > git config --get commit.template [9ms]
2025-09-26 11:34:22.209 [info] > git for-each-ref --format=%(refname)%00%(upstream:short)%00%(objectname)%00%(upstream:track)%00%(upstream:remotename)%00%(upstream:remoteref) refs/heads/master refs/remotes/master [2ms]
2025-09-26 11:34:22.218 [warning] [Git][revParse] Unable to read file: ENOENT: no such file or directory, open '/home/ubuntu/2.0 - Containerization with Docker [FASTAPI App]/student-project-tracker/.git/refs/remotes/origin/master'
2025-09-26 11:34:22.219 [info] > git rev-parse refs/remotes/origin/master [2ms]
2025-09-26 11:34:22.235 [info] > git status -z -uall [9ms]
2025-09-26 11:34:22.237 [info] > git for-each-ref --sort -committerdate --format %(refname)%00%(objectname)%00%(*objectname) [2ms]
2025-09-26 11:34:23.603 [info] > git config --get commit.template [7ms]
2025-09-26 11:34:23.604 [info] > git for-each-ref --format=%(refname)%00%(upstream:short)%00%(objectname)%00%(upstream:track)%00%(upstream:remotename)%00%(upstream:remoteref) refs/heads/master refs/remotes/master [1ms]
2025-09-26 11:34:23.611 [warning] [Git][revParse] Unable to read file: ENOENT: no such file or directory, open '/home/ubuntu/2.0 - Containerization with Docker [FASTAPI App]/student-project-tracker/.git/refs/remotes/origin/master'
2025-09-26 11:34:23.613 [info] > git rev-parse refs/remotes/origin/master [2ms]
2025-09-26 11:34:23.629 [info] > git status -z -uall [9ms]
2025-09-26 11:34:23.632 [info] > git for-each-ref --sort -committerdate --format %(refname)%00%(objectname)%00%(*objectname) [3ms]
2025-09-26 11:39:31.898 [info] > git fetch [123ms]
2025-09-26 11:39:31.915 [info] > git config --get commit.template [8ms]
2025-09-26 11:39:31.915 [info] > git for-each-ref --format=%(refname)%00%(upstream:short)%00%(objectname)%00%(upstream:track)%00%(upstream:remotename)%00%(upstream:remoteref) refs/heads/master refs/remotes/master [1ms]
2025-09-26 11:39:31.923 [warning] [Git][revParse] Unable to read file: ENOENT: no such file or directory, open '/home/ubuntu/2.0 - Containerization with Docker [FASTAPI App]/student-project-tracker/.git/refs/remotes/origin/master'
2025-09-26 11:39:31.924 [info] > git rev-parse refs/remotes/origin/master [1ms]
2025-09-26 11:39:31.939 [info] > git status -z -uall [7ms]
2025-09-26 11:39:31.940 [info] > git for-each-ref --sort -committerdate --format %(refname)%00%(objectname)%00%(*objectname) [1ms]
2025-09-26 11:39:33.307 [info] > git config --get commit.template [9ms]
2025-09-26 11:39:33.309 [info] > git for-each-ref --format=%(refname)%00%(upstream:short)%00%(objectname)%00%(upstream:track)%00%(upstream:remotename)%00%(upstream:remoteref) refs/heads/master refs/remotes/master [3ms]
2025-09-26 11:39:33.317 [warning] [Git][revParse] Unable to read file: ENOENT: no such file or directory, open '/home/ubuntu/2.0 - Containerization with Docker [FASTAPI App]/student-project-tracker/.git/refs/remotes/origin/master'
2025-09-26 11:39:33.319 [info] > git rev-parse refs/remotes/origin/master [1ms]
2025-09-26 11:39:33.333 [info] > git status -z -uall [7ms]
2025-09-26 11:39:33.334 [info] > git for-each-ref --sort -committerdate --format %(refname)%00%(objectname)%00%(*objectname) [2ms]
2025-09-26 11:57:43.930 [info] > git fetch [138ms]
2025-09-26 11:57:43.946 [info] > git config --get commit.template [1ms]
2025-09-26 11:57:43.960 [info] > git for-each-ref --format=%(refname)%00%(upstream:short)%00%(objectname)%00%(upstream:track)%00%(upstream:remotename)%00%(upstream:remoteref) refs/heads/master refs/remotes/master [3ms]
2025-09-26 11:57:43.972 [warning] [Git][revParse] Unable to read file: ENOENT: no such file or directory, open '/home/ubuntu/2.0 - Containerization with Docker [FASTAPI App]/student-project-tracker/.git/refs/remotes/origin/master'
2025-09-26 11:57:43.975 [info] > git rev-parse refs/remotes/origin/master [3ms]
2025-09-26 11:57:44.009 [info] > git status -z -uall [22ms]
2025-09-26 11:57:44.012 [info] > git for-each-ref --sort -committerdate --format %(refname)%00%(objectname)%00%(*objectname) [7ms]
2025-09-26 11:57:45.378 [info] > git config --get commit.template [1ms]
2025-09-26 11:57:45.387 [info] > git for-each-ref --format=%(refname)%00%(upstream:short)%00%(objectname)%00%(upstream:track)%00%(upstream:remotename)%00%(upstream:remoteref) refs/heads/master refs/remotes/master [1ms]
2025-09-26 11:57:45.395 [warning] [Git][revParse] Unable to read file: ENOENT: no such file or directory, open '/home/ubuntu/2.0 - Containerization with Docker [FASTAPI App]/student-project-tracker/.git/refs/remotes/origin/master'
2025-09-26 11:57:45.397 [info] > git rev-parse refs/remotes/origin/master [2ms]
2025-09-26 11:57:45.420 [info] > git status -z -uall [14ms]
2025-09-26 11:57:45.420 [info] > git for-each-ref --sort -committerdate --format %(refname)%00%(objectname)%00%(*objectname) [3ms]
2025-09-26 11:57:50.345 [info] > git rev-parse --show-toplevel [7ms]
2025-09-26 11:57:50.345 [info] fatal: not a git repository (or any of the parent directories): .git
2025-09-26 12:05:11.512 [info] > git fetch [132ms]
2025-09-26 12:05:11.530 [info] > git config --get commit.template [9ms]
2025-09-26 12:05:11.533 [info] > git for-each-ref --format=%(refname)%00%(upstream:short)%00%(objectname)%00%(upstream:track)%00%(upstream:remotename)%00%(upstream:remoteref) refs/heads/master refs/remotes/master [2ms]
2025-09-26 12:05:11.541 [warning] [Git][revParse] Unable to read file: ENOENT: no such file or directory, open '/home/ubuntu/2.0 - Containerization with Docker [FASTAPI App]/student-project-tracker/.git/refs/remotes/origin/master'
2025-09-26 12:05:11.542 [info] > git rev-parse refs/remotes/origin/master [1ms]
2025-09-26 12:05:11.560 [info] > git status -z -uall [10ms]
2025-09-26 12:05:11.561 [info] > git for-each-ref --sort -committerdate --format %(refname)%00%(objectname)%00%(*objectname) [2ms]
2025-09-26 12:05:12.970 [info] > git config --get commit.template [8ms]
2025-09-26 12:05:12.971 [info] > git for-each-ref --format=%(refname)%00%(upstream:short)%00%(objectname)%00%(upstream:track)%00%(upstream:remotename)%00%(upstream:remoteref) refs/heads/master refs/remotes/master [2ms]
2025-09-26 12:05:12.978 [warning] [Git][revParse] Unable to read file: ENOENT: no such file or directory, open '/home/ubuntu/2.0 - Containerization with Docker [FASTAPI App]/student-project-tracker/.git/refs/remotes/origin/master'
2025-09-26 12:05:12.979 [info] > git rev-parse refs/remotes/origin/master [1ms]
2025-09-26 12:05:12.994 [info] > git status -z -uall [8ms]
2025-09-26 12:05:12.996 [info] > git for-each-ref --sort -committerdate --format %(refname)%00%(objectname)%00%(*objectname) [2ms]
2025-09-26 12:05:27.897 [info] > git rev-parse --show-toplevel [2ms]
2025-09-26 12:05:27.897 [info] fatal: not a git repository (or any of the parent directories): .git
2025-09-26 12:08:11.743 [info] > git fetch [167ms]
2025-09-26 12:08:11.760 [info] > git config --get commit.template [8ms]
2025-09-26 12:08:11.761 [info] > git for-each-ref --format=%(refname)%00%(upstream:short)%00%(objectname)%00%(upstream:track)%00%(upstream:remotename)%00%(upstream:remoteref) refs/heads/master refs/remotes/master [2ms]
2025-09-26 12:08:11.768 [warning] [Git][revParse] Unable to read file: ENOENT: no such file or directory, open '/home/ubuntu/2.0 - Containerization with Docker [FASTAPI App]/student-project-tracker/.git/refs/remotes/origin/master'
2025-09-26 12:08:11.770 [info] > git rev-parse refs/remotes/origin/master [1ms]
2025-09-26 12:08:11.784 [info] > git status -z -uall [7ms]
2025-09-26 12:08:11.786 [info] > git for-each-ref --sort -committerdate --format %(refname)%00%(objectname)%00%(*objectname) [2ms]
2025-09-26 12:08:13.174 [info] > git config --get commit.template [9ms]
2025-09-26 12:08:13.175 [info] > git for-each-ref --format=%(refname)%00%(upstream:short)%00%(objectname)%00%(upstream:track)%00%(upstream:remotename)%00%(upstream:remoteref) refs/heads/master refs/remotes/master [2ms]
2025-09-26 12:08:13.184 [warning] [Git][revParse] Unable to read file: ENOENT: no such file or directory, open '/home/ubuntu/2.0 - Containerization with Docker [FASTAPI App]/student-project-tracker/.git/refs/remotes/origin/master'
2025-09-26 12:08:13.186 [info] > git rev-parse refs/remotes/origin/master [2ms]
2025-09-26 12:08:13.206 [info] > git status -z -uall [10ms]
2025-09-26 12:08:13.208 [info] > git for-each-ref --sort -committerdate --format %(refname)%00%(objectname)%00%(*objectname) [2ms]
2025-09-26 12:11:11.919 [info] > git fetch [122ms]
2025-09-26 12:11:11.935 [info] > git config --get commit.template [8ms]
2025-09-26 12:11:11.936 [info] > git for-each-ref --format=%(refname)%00%(upstream:short)%00%(objectname)%00%(upstream:track)%00%(upstream:remotename)%00%(upstream:remoteref) refs/heads/master refs/remotes/master [1ms]
2025-09-26 12:11:11.943 [warning] [Git][revParse] Unable to read file: ENOENT: no such file or directory, open '/home/ubuntu/2.0 - Containerization with Docker [FASTAPI App]/student-project-tracker/.git/refs/remotes/origin/master'
2025-09-26 12:11:11.944 [info] > git rev-parse refs/remotes/origin/master [1ms]
2025-09-26 12:11:11.958 [info] > git status -z -uall [7ms]
2025-09-26 12:11:11.959 [info] > git for-each-ref --sort -committerdate --format %(refname)%00%(objectname)%00%(*objectname) [1ms]
2025-09-26 12:11:13.349 [info] > git config --get commit.template [8ms]
2025-09-26 12:11:13.350 [info] > git for-each-ref --format=%(refname)%00%(upstream:short)%00%(objectname)%00%(upstream:track)%00%(upstream:remotename)%00%(upstream:remoteref) refs/heads/master refs/remotes/master [2ms]
2025-09-26 12:11:13.359 [warning] [Git][revParse] Unable to read file: ENOENT: no such file or directory, open '/home/ubuntu/2.0 - Containerization with Docker [FASTAPI App]/student-project-tracker/.git/refs/remotes/origin/master'
2025-09-26 12:11:13.360 [info] > git rev-parse refs/remotes/origin/master [2ms]
2025-09-26 12:11:13.377 [info] > git status -z -uall [9ms]
2025-09-26 12:11:13.379 [info] > git for-each-ref --sort -committerdate --format %(refname)%00%(objectname)%00%(*objectname) [3ms]
2025-09-26 12:14:12.150 [info] > git fetch [176ms]
2025-09-26 12:14:12.169 [info] > git config --get commit.template [9ms]
2025-09-26 12:14:12.170 [info] > git for-each-ref --format=%(refname)%00%(upstream:short)%00%(objectname)%00%(upstream:track)%00%(upstream:remotename)%00%(upstream:remoteref) refs/heads/master refs/remotes/master [2ms]
2025-09-26 12:14:12.179 [warning] [Git][revParse] Unable to read file: ENOENT: no such file or directory, open '/home/ubuntu/2.0 - Containerization with Docker [FASTAPI App]/student-project-tracker/.git/refs/remotes/origin/master'
2025-09-26 12:14:12.181 [info] > git rev-parse refs/remotes/origin/master [2ms]
2025-09-26 12:14:12.199 [info] > git status -z -uall [10ms]
2025-09-26 12:14:12.200 [info] > git for-each-ref --sort -committerdate --format %(refname)%00%(objectname)%00%(*objectname) [2ms]
2025-09-26 12:14:13.592 [info] > git config --get commit.template [8ms]
2025-09-26 12:14:13.597 [info] > git for-each-ref --format=%(refname)%00%(upstream:short)%00%(objectname)%00%(upstream:track)%00%(upstream:remotename)%00%(upstream:remoteref) refs/heads/master refs/remotes/master [5ms]
2025-09-26 12:14:13.611 [warning] [Git][revParse] Unable to read file: ENOENT: no such file or directory, open '/home/ubuntu/2.0 - Containerization with Docker [FASTAPI App]/student-project-tracker/.git/refs/remotes/origin/master'
2025-09-26 12:14:13.616 [info] > git rev-parse refs/remotes/origin/master [5ms]
2025-09-26 12:14:13.653 [info] > git status -z -uall [20ms]
2025-09-26 12:14:13.656 [info] > git for-each-ref --sort -committerdate --format %(refname)%00%(objectname)%00%(*objectname) [4ms]
2025-09-26 12:14:31.505 [info] > git show --textconv :Dockerfile [8ms]
2025-09-26 12:14:31.506 [info] > git ls-files --stage -- Dockerfile [2ms]
2025-09-26 12:14:31.514 [info] > git cat-file -s 7e53bd5927384f48075768fc5709ee3f257336a3 [1ms]
2025-09-26 12:17:12.333 [info] > git fetch [122ms]
2025-09-26 12:17:12.350 [info] > git config --get commit.template [8ms]
2025-09-26 12:17:12.351 [info] > git for-each-ref --format=%(refname)%00%(upstream:short)%00%(objectname)%00%(upstream:track)%00%(upstream:remotename)%00%(upstream:remoteref) refs/heads/master refs/remotes/master [2ms]
2025-09-26 12:17:12.358 [warning] [Git][revParse] Unable to read file: ENOENT: no such file or directory, open '/home/ubuntu/2.0 - Containerization with Docker [FASTAPI App]/student-project-tracker/.git/refs/remotes/origin/master'
2025-09-26 12:17:12.360 [info] > git rev-parse refs/remotes/origin/master [1ms]
2025-09-26 12:17:12.376 [info] > git status -z -uall [9ms]
2025-09-26 12:17:12.377 [info] > git for-each-ref --sort -committerdate --format %(refname)%00%(objectname)%00%(*objectname) [2ms]
2025-09-26 12:17:13.746 [info] > git config --get commit.template [8ms]
2025-09-26 12:17:13.747 [info] > git for-each-ref --format=%(refname)%00%(upstream:short)%00%(objectname)%00%(upstream:track)%00%(upstream:remotename)%00%(upstream:remoteref) refs/heads/master refs/remotes/master [1ms]
2025-09-26 12:17:13.754 [warning] [Git][revParse] Unable to read file: ENOENT: no such file or directory, open '/home/ubuntu/2.0 - Containerization with Docker [FASTAPI App]/student-project-tracker/.git/refs/remotes/origin/master'
2025-09-26 12:17:13.755 [info] > git rev-parse refs/remotes/origin/master [1ms]
2025-09-26 12:17:13.771 [info] > git status -z -uall [9ms]
2025-09-26 12:17:13.771 [info] > git for-each-ref --sort -committerdate --format %(refname)%00%(objectname)%00%(*objectname) [2ms]
2025-09-26 12:20:24.601 [info] > git fetch [316ms]
2025-09-26 12:20:24.621 [info] > git config --get commit.template [9ms]
2025-09-26 12:20:24.622 [info] > git for-each-ref --format=%(refname)%00%(upstream:short)%00%(objectname)%00%(upstream:track)%00%(upstream:remotename)%00%(upstream:remoteref) refs/heads/master refs/remotes/master [2ms]
2025-09-26 12:20:24.630 [warning] [Git][revParse] Unable to read file: ENOENT: no such file or directory, open '/home/ubuntu/2.0 - Containerization with Docker [FASTAPI App]/student-project-tracker/.git/refs/remotes/origin/master'
2025-09-26 12:20:24.633 [info] > git rev-parse refs/remotes/origin/master [3ms]
2025-09-26 12:20:24.651 [info] > git for-each-ref --sort -committerdate --format %(refname)%00%(objectname)%00%(*objectname) [2ms]
2025-09-26 12:20:24.655 [info] > git status -z -uall [13ms]
2025-09-26 12:20:26.183 [info] > git config --get commit.template [17ms]
2025-09-26 12:20:26.183 [info] > git for-each-ref --format=%(refname)%00%(upstream:short)%00%(objectname)%00%(upstream:track)%00%(upstream:remotename)%00%(upstream:remoteref) refs/heads/master refs/remotes/master [1ms]
2025-09-26 12:20:26.196 [warning] [Git][revParse] Unable to read file: ENOENT: no such file or directory, open '/home/ubuntu/2.0 - Containerization with Docker [FASTAPI App]/student-project-tracker/.git/refs/remotes/origin/master'
2025-09-26 12:20:26.198 [info] > git rev-parse refs/remotes/origin/master [3ms]
2025-09-26 12:20:26.225 [info] > git status -z -uall [14ms]
2025-09-26 12:20:26.230 [info] > git for-each-ref --sort -committerdate --format %(refname)%00%(objectname)%00%(*objectname) [6ms]
2025-09-26 12:23:24.787 [info] > git fetch [121ms]
2025-09-26 12:23:24.808 [info] > git for-each-ref --format=%(refname)%00%(upstream:short)%00%(objectname)%00%(upstream:track)%00%(upstream:remotename)%00%(upstream:remoteref) refs/heads/master refs/remotes/master [3ms]
2025-09-26 12:23:24.808 [info] > git config --get commit.template [12ms]
2025-09-26 12:23:24.816 [warning] [Git][revParse] Unable to read file: ENOENT: no such file or directory, open '/home/ubuntu/2.0 - Containerization with Docker [FASTAPI App]/student-project-tracker/.git/refs/remotes/origin/master'
2025-09-26 12:23:24.818 [info] > git rev-parse refs/remotes/origin/master [2ms]
2025-09-26 12:23:24.838 [info] > git status -z -uall [12ms]
2025-09-26 12:23:24.839 [info] > git for-each-ref --sort -committerdate --format %(refname)%00%(objectname)%00%(*objectname) [1ms]
2025-09-26 12:23:26.250 [info] > git for-each-ref --format=%(refname)%00%(upstream:short)%00%(objectname)%00%(upstream:track)%00%(upstream:remotename)%00%(upstream:remoteref) refs/heads/master refs/remotes/master [2ms]
2025-09-26 12:23:26.250 [info] > git config --get commit.template [12ms]
2025-09-26 12:23:26.258 [warning] [Git][revParse] Unable to read file: ENOENT: no such file or directory, open '/home/ubuntu/2.0 - Containerization with Docker [FASTAPI App]/student-project-tracker/.git/refs/remotes/origin/master'
2025-09-26 12:23:26.261 [info] > git rev-parse refs/remotes/origin/master [2ms]
2025-09-26 12:23:26.276 [info] > git status -z -uall [8ms]
2025-09-26 12:23:26.277 [info] > git for-each-ref --sort -committerdate --format %(refname)%00%(objectname)%00%(*objectname) [2ms]
2025-09-26 12:34:21.521 [info] > git fetch [155ms]
2025-09-26 12:34:21.538 [info] > git config --get commit.template [8ms]
2025-09-26 12:34:21.539 [info] > git for-each-ref --format=%(refname)%00%(upstream:short)%00%(objectname)%00%(upstream:track)%00%(upstream:remotename)%00%(upstream:remoteref) refs/heads/master refs/remotes/master [2ms]
2025-09-26 12:34:21.547 [warning] [Git][revParse] Unable to read file: ENOENT: no such file or directory, open '/home/ubuntu/2.0 - Containerization with Docker [FASTAPI App]/student-project-tracker/.git/refs/remotes/origin/master'
2025-09-26 12:34:21.548 [info] > git rev-parse refs/remotes/origin/master [1ms]
2025-09-26 12:34:21.564 [info] > git status -z -uall [8ms]
2025-09-26 12:34:21.565 [info] > git for-each-ref --sort -committerdate --format %(refname)%00%(objectname)%00%(*objectname) [2ms]
2025-09-26 12:34:22.956 [info] > git config --get commit.template [8ms]
2025-09-26 12:34:22.957 [info] > git for-each-ref --format=%(refname)%00%(upstream:short)%00%(objectname)%00%(upstream:track)%00%(upstream:remotename)%00%(upstream:remoteref) refs/heads/master refs/remotes/master [1ms]
2025-09-26 12:34:22.964 [warning] [Git][revParse] Unable to read file: ENOENT: no such file or directory, open '/home/ubuntu/2.0 - Containerization with Docker [FASTAPI App]/student-project-tracker/.git/refs/remotes/origin/master'
2025-09-26 12:34:22.966 [info] > git rev-parse refs/remotes/origin/master [2ms]
2025-09-26 12:34:22.984 [info] > git status -z -uall [10ms]
2025-09-26 12:34:22.985 [info] > git for-each-ref --sort -committerdate --format %(refname)%00%(objectname)%00%(*objectname) [2ms]
2025-09-26 12:36:13.955 [info] > git show --textconv :Dockerfile [9ms]
2025-09-26 12:36:13.957 [info] > git ls-files --stage -- Dockerfile [2ms]
2025-09-26 12:36:13.967 [info] > git cat-file -s 7e53bd5927384f48075768fc5709ee3f257336a3 [3ms]
2025-09-26 12:36:14.768 [info] > git blame --root --incremental 912305b5965a6e78b4125677ec4fa4554ac1b057 -- Dockerfile [4ms]
2025-09-26 12:37:27.256 [info] > git fetch [131ms]
2025-09-26 12:37:27.273 [info] > git config --get commit.template [8ms]
2025-09-26 12:37:27.274 [info] > git for-each-ref --format=%(refname)%00%(upstream:short)%00%(objectname)%00%(upstream:track)%00%(upstream:remotename)%00%(upstream:remoteref) refs/heads/master refs/remotes/master [2ms]
2025-09-26 12:37:27.281 [warning] [Git][revParse] Unable to read file: ENOENT: no such file or directory, open '/home/ubuntu/2.0 - Containerization with Docker [FASTAPI App]/student-project-tracker/.git/refs/remotes/origin/master'
2025-09-26 12:37:27.282 [info] > git rev-parse refs/remotes/origin/master [1ms]
2025-09-26 12:37:27.297 [info] > git status -z -uall [8ms]
2025-09-26 12:37:27.299 [info] > git for-each-ref --sort -committerdate --format %(refname)%00%(objectname)%00%(*objectname) [2ms]
2025-09-26 12:37:28.664 [info] > git config --get commit.template [8ms]
2025-09-26 12:37:28.665 [info] > git for-each-ref --format=%(refname)%00%(upstream:short)%00%(objectname)%00%(upstream:track)%00%(upstream:remotename)%00%(upstream:remoteref) refs/heads/master refs/remotes/master [1ms]
2025-09-26 12:37:28.673 [warning] [Git][revParse] Unable to read file: ENOENT: no such file or directory, open '/home/ubuntu/2.0 - Containerization with Docker [FASTAPI App]/student-project-tracker/.git/refs/remotes/origin/master'
2025-09-26 12:37:28.674 [info] > git rev-parse refs/remotes/origin/master [2ms]
2025-09-26 12:37:28.697 [info] > git status -z -uall [15ms]
2025-09-26 12:37:28.700 [info] > git for-each-ref --sort -committerdate --format %(refname)%00%(objectname)%00%(*objectname) [4ms]
2025-09-26 12:43:19.637 [info] > git fetch [130ms]
2025-09-26 12:43:19.648 [info] > git config --get commit.template [2ms]
2025-09-26 12:43:19.657 [info] > git for-each-ref --format=%(refname)%00%(upstream:short)%00%(objectname)%00%(upstream:track)%00%(upstream:remotename)%00%(upstream:remoteref) refs/heads/master refs/remotes/master [1ms]
2025-09-26 12:43:19.665 [warning] [Git][revParse] Unable to read file: ENOENT: no such file or directory, open '/home/ubuntu/2.0 - Containerization with Docker [FASTAPI App]/student-project-tracker/.git/refs/remotes/origin/master'
2025-09-26 12:43:19.667 [info] > git rev-parse refs/remotes/origin/master [2ms]
2025-09-26 12:43:19.688 [info] > git status -z -uall [10ms]
2025-09-26 12:43:19.688 [info] > git for-each-ref --sort -committerdate --format %(refname)%00%(objectname)%00%(*objectname) [2ms]
2025-09-26 12:43:21.068 [info] > git config --get commit.template [8ms]
2025-09-26 12:43:21.070 [info] > git for-each-ref --format=%(refname)%00%(upstream:short)%00%(objectname)%00%(upstream:track)%00%(upstream:remotename)%00%(upstream:remoteref) refs/heads/master refs/remotes/master [2ms]
2025-09-26 12:43:21.077 [warning] [Git][revParse] Unable to read file: ENOENT: no such file or directory, open '/home/ubuntu/2.0 - Containerization with Docker [FASTAPI App]/student-project-tracker/.git/refs/remotes/origin/master'
2025-09-26 12:43:21.079 [info] > git rev-parse refs/remotes/origin/master [2ms]
2025-09-26 12:43:21.094 [info] > git status -z -uall [8ms]
2025-09-26 12:43:21.095 [info] > git for-each-ref --sort -committerdate --format %(refname)%00%(objectname)%00%(*objectname) [2ms]
2025-09-26 12:46:19.822 [info] > git fetch [124ms]
2025-09-26 12:46:19.833 [info] > git config --get commit.template [2ms]
2025-09-26 12:46:19.842 [info] > git for-each-ref --format=%(refname)%00%(upstream:short)%00%(objectname)%00%(upstream:track)%00%(upstream:remotename)%00%(upstream:remoteref) refs/heads/master refs/remotes/master [2ms]
2025-09-26 12:46:19.849 [warning] [Git][revParse] Unable to read file: ENOENT: no such file or directory, open '/home/ubuntu/2.0 - Containerization with Docker [FASTAPI App]/student-project-tracker/.git/refs/remotes/origin/master'
2025-09-26 12:46:19.850 [info] > git rev-parse refs/remotes/origin/master [1ms]
2025-09-26 12:46:19.863 [info] > git status -z -uall [7ms]
2025-09-26 12:46:19.864 [info] > git for-each-ref --sort -committerdate --format %(refname)%00%(objectname)%00%(*objectname) [2ms]
2025-09-26 12:46:21.232 [info] > git config --get commit.template [8ms]
2025-09-26 12:46:21.233 [info] > git for-each-ref --format=%(refname)%00%(upstream:short)%00%(objectname)%00%(upstream:track)%00%(upstream:remotename)%00%(upstream:remoteref) refs/heads/master refs/remotes/master [2ms]
2025-09-26 12:46:21.241 [warning] [Git][revParse] Unable to read file: ENOENT: no such file or directory, open '/home/ubuntu/2.0 - Containerization with Docker [FASTAPI App]/student-project-tracker/.git/refs/remotes/origin/master'
2025-09-26 12:46:21.242 [info] > git rev-parse refs/remotes/origin/master [1ms]
2025-09-26 12:46:21.256 [info] > git status -z -uall [7ms]
2025-09-26 12:46:21.257 [info] > git for-each-ref --sort -committerdate --format %(refname)%00%(objectname)%00%(*objectname) [2ms]
2025-09-26 12:49:20.030 [info] > git fetch [156ms]
2025-09-26 12:49:20.048 [info] > git config --get commit.template [8ms]
2025-09-26 12:49:20.050 [info] > git for-each-ref --format=%(refname)%00%(upstream:short)%00%(objectname)%00%(upstream:track)%00%(upstream:remotename)%00%(upstream:remoteref) refs/heads/master refs/remotes/master [2ms]
2025-09-26 12:49:20.059 [warning] [Git][revParse] Unable to read file: ENOENT: no such file or directory, open '/home/ubuntu/2.0 - Containerization with Docker [FASTAPI App]/student-project-tracker/.git/refs/remotes/origin/master'
2025-09-26 12:49:20.061 [info] > git rev-parse refs/remotes/origin/master [2ms]
2025-09-26 12:49:20.078 [info] > git status -z -uall [9ms]
2025-09-26 12:49:20.080 [info] > git for-each-ref --sort -committerdate --format %(refname)%00%(objectname)%00%(*objectname) [2ms]
2025-09-26 12:49:21.457 [info] > git config --get commit.template [8ms]
2025-09-26 12:49:21.458 [info] > git for-each-ref --format=%(refname)%00%(upstream:short)%00%(objectname)%00%(upstream:track)%00%(upstream:remotename)%00%(upstream:remoteref) refs/heads/master refs/remotes/master [1ms]
2025-09-26 12:49:21.465 [warning] [Git][revParse] Unable to read file: ENOENT: no such file or directory, open '/home/ubuntu/2.0 - Containerization with Docker [FASTAPI App]/student-project-tracker/.git/refs/remotes/origin/master'
2025-09-26 12:49:21.466 [info] > git rev-parse refs/remotes/origin/master [1ms]
2025-09-26 12:49:21.481 [info] > git status -z -uall [8ms]
2025-09-26 12:49:21.482 [info] > git for-each-ref --sort -committerdate --format %(refname)%00%(objectname)%00%(*objectname) [1ms]
2025-09-26 12:52:25.364 [info] > git fetch [124ms]
2025-09-26 12:52:25.381 [info] > git config --get commit.template [8ms]
2025-09-26 12:52:25.382 [info] > git for-each-ref --format=%(refname)%00%(upstream:short)%00%(objectname)%00%(upstream:track)%00%(upstream:remotename)%00%(upstream:remoteref) refs/heads/master refs/remotes/master [1ms]
2025-09-26 12:52:25.390 [warning] [Git][revParse] Unable to read file: ENOENT: no such file or directory, open '/home/ubuntu/2.0 - Containerization with Docker [FASTAPI App]/student-project-tracker/.git/refs/remotes/origin/master'
2025-09-26 12:52:25.391 [info] > git rev-parse refs/remotes/origin/master [1ms]
2025-09-26 12:52:25.411 [info] > git status -z -uall [11ms]
2025-09-26 12:52:25.411 [info] > git for-each-ref --sort -committerdate --format %(refname)%00%(objectname)%00%(*objectname) [3ms]
2025-09-26 12:52:26.811 [info] > git config --get commit.template [9ms]
2025-09-26 12:52:26.812 [info] > git for-each-ref --format=%(refname)%00%(upstream:short)%00%(objectname)%00%(upstream:track)%00%(upstream:remotename)%00%(upstream:remoteref) refs/heads/master refs/remotes/master [1ms]
2025-09-26 12:52:26.821 [warning] [Git][revParse] Unable to read file: ENOENT: no such file or directory, open '/home/ubuntu/2.0 - Containerization with Docker [FASTAPI App]/student-project-tracker/.git/refs/remotes/origin/master'
2025-09-26 12:52:26.822 [info] > git rev-parse refs/remotes/origin/master [1ms]
2025-09-26 12:52:26.841 [info] > git status -z -uall [11ms]
2025-09-26 12:52:26.841 [info] > git for-each-ref --sort -committerdate --format %(refname)%00%(objectname)%00%(*objectname) [2ms]
2025-09-26 12:52:52.866 [info] > git rev-parse --show-toplevel [2ms]
2025-09-26 12:52:52.884 [info] > git rev-parse --git-dir --git-common-dir --show-superproject-working-tree [5ms]
2025-09-26 12:52:52.904 [info] [Model][openRepository] Opened repository (path): /home/ubuntu
2025-09-26 12:52:52.904 [info] [Model][openRepository] Opened repository (real path): /home/ubuntu
2025-09-26 12:52:52.904 [info] [Model][openRepository] Opened repository (kind): repository
2025-09-26 12:52:52.923 [info] > git fetch [18ms]
2025-09-26 12:52:52.931 [info] > git config --get commit.template [9ms]
2025-09-26 12:52:52.938 [info] [Git][getRemotes] No remotes found in the git config file
2025-09-26 12:52:52.939 [info] > git config --get commit.template [8ms]
2025-09-26 12:52:52.945 [info] [Git][getRemotes] No remotes found in the git config file
2025-09-26 12:52:52.946 [info] > git for-each-ref --format=%(refname)%00%(upstream:short)%00%(objectname)%00%(upstream:track)%00%(upstream:remotename)%00%(upstream:remoteref) refs/heads/master refs/remotes/master [8ms]
2025-09-26 12:52:52.946 [warning] [Git][getBranch] No such branch: master
2025-09-26 12:52:52.967 [info] > git for-each-ref --format=%(refname)%00%(upstream:short)%00%(objectname)%00%(upstream:track)%00%(upstream:remotename)%00%(upstream:remoteref) refs/heads/master refs/remotes/master [13ms]
2025-09-26 12:52:52.967 [warning] [Git][getBranch] No such branch: master
2025-09-26 12:52:52.968 [error] [GitHistoryProvider][resolveHEADMergeBase] Failed to resolve merge base for master: Error: No such branch: master.
2025-09-26 12:52:52.968 [info] > git for-each-ref --format=%(refname)%00%(upstream:short)%00%(objectname)%00%(upstream:track)%00%(upstream:remotename)%00%(upstream:remoteref) refs/heads/master refs/remotes/master [23ms]
2025-09-26 12:52:52.968 [warning] [Git][getBranch] No such branch: master
2025-09-26 12:52:52.969 [info] > git config --get commit.template [3ms]
2025-09-26 12:52:52.978 [info] [Git][getRemotes] No remotes found in the git config file
2025-09-26 12:52:52.979 [info] > git for-each-ref --format=%(refname)%00%(upstream:short)%00%(objectname)%00%(upstream:track)%00%(upstream:remotename)%00%(upstream:remoteref) refs/heads/master refs/remotes/master [1ms]
2025-09-26 12:52:52.979 [warning] [Git][getBranch] No such branch: master
2025-09-26 12:52:52.998 [info] > git for-each-ref --sort -committerdate --format %(refname)%00%(objectname)%00%(*objectname) [2ms]
2025-09-26 12:52:53.548 [info] > git status -z -uall [560ms]
2025-09-26 12:52:53.607 [info] > git config --get commit.template [0ms]
2025-09-26 12:52:53.614 [info] [Git][getRemotes] No remotes found in the git config file
2025-09-26 12:52:53.616 [info] > git for-each-ref --format=%(refname)%00%(upstream:short)%00%(objectname)%00%(upstream:track)%00%(upstream:remotename)%00%(upstream:remoteref) refs/heads/master refs/remotes/master [2ms]
2025-09-26 12:52:53.616 [warning] [Git][getBranch] No such branch: master
2025-09-26 12:52:53.634 [info] > git for-each-ref --sort -committerdate --format %(refname)%00%(objectname)%00%(*objectname) [5ms]
2025-09-26 12:52:53.641 [info] > git status -z -uall [19ms]
2025-09-26 12:52:53.707 [info] > git check-ignore -v -z --stdin [10ms]
2025-09-26 12:52:53.707 [info] > git check-ignore -v -z --stdin [2ms]
2025-09-26 12:52:58.735 [info] > git config --get commit.template [2ms]
2025-09-26 12:52:58.744 [info] [Git][getRemotes] No remotes found in the git config file
2025-09-26 12:52:58.745 [info] > git for-each-ref --format=%(refname)%00%(upstream:short)%00%(objectname)%00%(upstream:track)%00%(upstream:remotename)%00%(upstream:remoteref) refs/heads/master refs/remotes/master [1ms]
2025-09-26 12:52:58.745 [warning] [Git][getBranch] No such branch: master
2025-09-26 12:52:58.764 [info] > git for-each-ref --sort -committerdate --format %(refname)%00%(objectname)%00%(*objectname) [2ms]
2025-09-26 12:52:58.771 [info] > git status -z -uall [18ms]
2025-09-26 12:53:03.802 [info] > git config --get commit.template [4ms]
2025-09-26 12:53:03.810 [info] [Git][getRemotes] No remotes found in the git config file
2025-09-26 12:53:03.812 [info] > git for-each-ref --format=%(refname)%00%(upstream:short)%00%(objectname)%00%(upstream:track)%00%(upstream:remotename)%00%(upstream:remoteref) refs/heads/master refs/remotes/master [2ms]
2025-09-26 12:53:03.812 [warning] [Git][getBranch] No such branch: master
2025-09-26 12:53:03.843 [info] > git for-each-ref --sort -committerdate --format %(refname)%00%(objectname)%00%(*objectname) [2ms]
2025-09-26 12:53:03.862 [info] > git status -z -uall [34ms]
2025-09-26 12:55:45.837 [info] > git config --get commit.template [0ms]
2025-09-26 12:55:45.846 [info] [Git][getRemotes] No remotes found in the git config file
2025-09-26 12:55:45.848 [info] > git for-each-ref --format=%(refname)%00%(upstream:short)%00%(objectname)%00%(upstream:track)%00%(upstream:remotename)%00%(upstream:remoteref) refs/heads/master refs/remotes/master [2ms]
2025-09-26 12:55:45.848 [warning] [Git][getBranch] No such branch: master
2025-09-26 12:55:45.879 [info] > git for-each-ref --sort -committerdate --format %(refname)%00%(objectname)%00%(*objectname) [4ms]
2025-09-26 12:55:45.887 [info] > git status -z -uall [31ms]
2025-09-26 12:55:45.964 [info] > git fetch [147ms]
2025-09-26 12:55:45.983 [info] > git config --get commit.template [9ms]
2025-09-26 12:55:45.984 [info] > git for-each-ref --format=%(refname)%00%(upstream:short)%00%(objectname)%00%(upstream:track)%00%(upstream:remotename)%00%(upstream:remoteref) refs/heads/master refs/remotes/master [2ms]
2025-09-26 12:55:45.992 [warning] [Git][revParse] Unable to read file: ENOENT: no such file or directory, open '/home/ubuntu/2.0 - Containerization with Docker [FASTAPI App]/student-project-tracker/.git/refs/remotes/origin/master'
2025-09-26 12:55:45.993 [info] > git rev-parse refs/remotes/origin/master [1ms]
2025-09-26 12:55:46.298 [info] > git status -z -uall [296ms]
2025-09-26 12:55:46.298 [info] > git for-each-ref --sort -committerdate --format %(refname)%00%(objectname)%00%(*objectname) [287ms]
2025-09-26 12:55:47.387 [info] > git config --get commit.template [9ms]
2025-09-26 12:55:47.388 [info] > git for-each-ref --format=%(refname)%00%(upstream:short)%00%(objectname)%00%(upstream:track)%00%(upstream:remotename)%00%(upstream:remoteref) refs/heads/master refs/remotes/master [2ms]
2025-09-26 12:55:47.396 [warning] [Git][revParse] Unable to read file: ENOENT: no such file or directory, open '/home/ubuntu/2.0 - Containerization with Docker [FASTAPI App]/student-project-tracker/.git/refs/remotes/origin/master'
2025-09-26 12:55:47.397 [info] > git rev-parse refs/remotes/origin/master [1ms]
2025-09-26 12:55:47.415 [info] > git status -z -uall [10ms]
2025-09-26 12:55:47.416 [info] > git for-each-ref --sort -committerdate --format %(refname)%00%(objectname)%00%(*objectname) [2ms]
2025-09-26 12:55:50.928 [info] [Git][getRemotes] No remotes found in the git config file
2025-09-26 12:55:50.937 [info] > git config --get commit.template [10ms]
2025-09-26 12:55:50.938 [info] > git for-each-ref --format=%(refname)%00%(upstream:short)%00%(objectname)%00%(upstream:track)%00%(upstream:remotename)%00%(upstream:remoteref) refs/heads/master refs/remotes/master [1ms]
2025-09-26 12:55:50.938 [warning] [Git][getBranch] No such branch: master
2025-09-26 12:55:50.962 [info] > git for-each-ref --sort -committerdate --format %(refname)%00%(objectname)%00%(*objectname) [3ms]
2025-09-26 12:55:50.964 [info] > git status -z -uall [19ms]
2025-09-26 12:55:52.989 [info] > git fetch [6ms]
2025-09-26 12:55:53.043 [info] [Git][getRemotes] No remotes found in the git config file
2025-09-26 12:55:53.043 [info] > git config --get commit.template [27ms]
2025-09-26 12:55:53.047 [info] > git for-each-ref --format=%(refname)%00%(upstream:short)%00%(objectname)%00%(upstream:track)%00%(upstream:remotename)%00%(upstream:remoteref) refs/heads/master refs/remotes/master [5ms]
2025-09-26 12:55:53.047 [warning] [Git][getBranch] No such branch: master
2025-09-26 12:55:53.117 [info] > git for-each-ref --sort -committerdate --format %(refname)%00%(objectname)%00%(*objectname) [5ms]
2025-09-26 12:55:53.128 [info] > git status -z -uall [58ms]
2025-09-26 12:55:56.142 [info] [Git][getRemotes] No remotes found in the git config file
2025-09-26 12:55:56.143 [info] > git config --get commit.template [11ms]
2025-09-26 12:55:56.144 [info] > git for-each-ref --format=%(refname)%00%(upstream:short)%00%(objectname)%00%(upstream:track)%00%(upstream:remotename)%00%(upstream:remoteref) refs/heads/master refs/remotes/master [2ms]
2025-09-26 12:55:56.144 [warning] [Git][getBranch] No such branch: master
2025-09-26 12:55:56.163 [info] > git for-each-ref --sort -committerdate --format %(refname)%00%(objectname)%00%(*objectname) [2ms]
2025-09-26 12:55:56.384 [info] > git status -z -uall [231ms]
2025-09-26 12:55:58.365 [info] > git check-ignore -v -z --stdin [4ms]
2025-09-26 12:55:58.926 [info] > git check-ignore -v -z --stdin [1ms]
2025-09-26 12:56:00.853 [info] [Git][getRemotes] No remotes found in the git config file
2025-09-26 12:56:00.865 [info] > git config --get commit.template [12ms]
2025-09-26 12:56:00.866 [info] > git for-each-ref --format=%(refname)%00%(upstream:short)%00%(objectname)%00%(upstream:track)%00%(upstream:remotename)%00%(upstream:remoteref) refs/heads/master refs/remotes/master [2ms]
2025-09-26 12:56:00.866 [warning] [Git][getBranch] No such branch: master
2025-09-26 12:56:00.897 [info] > git for-each-ref --sort -committerdate --format %(refname)%00%(objectname)%00%(*objectname) [2ms]
2025-09-26 12:56:00.927 [info] > git status -z -uall [53ms]
2025-09-26 12:56:01.625 [info] > git config --get commit.template [11ms]
2025-09-26 12:56:01.665 [info] [Git][getRemotes] No remotes found in the git config file
2025-09-26 12:56:01.679 [info] > git for-each-ref --format=%(refname)%00%(upstream:short)%00%(objectname)%00%(upstream:track)%00%(upstream:remotename)%00%(upstream:remoteref) refs/heads/master refs/remotes/master [14ms]
2025-09-26 12:56:01.680 [warning] [Git][getBranch] No such branch: master
2025-09-26 12:56:01.812 [info] > git for-each-ref --sort -committerdate --format %(refname)%00%(objectname)%00%(*objectname) [22ms]
2025-09-26 12:56:01.876 [info] > git status -z -uall [162ms]
2025-09-26 12:56:07.218 [info] > git config --get commit.template [7ms]
2025-09-26 12:56:07.219 [info] [Git][getRemotes] No remotes found in the git config file
2025-09-26 12:56:07.229 [info] > git for-each-ref --format=%(refname)%00%(upstream:short)%00%(objectname)%00%(upstream:track)%00%(upstream:remotename)%00%(upstream:remoteref) refs/heads/master refs/remotes/master [1ms]
2025-09-26 12:56:07.229 [warning] [Git][getBranch] No such branch: master
2025-09-26 12:56:07.253 [info] > git for-each-ref --sort -committerdate --format %(refname)%00%(objectname)%00%(*objectname) [3ms]
2025-09-26 12:56:07.278 [info] > git status -z -uall [40ms]
2025-09-26 12:56:12.346 [info] [Git][getRemotes] No remotes found in the git config file
2025-09-26 12:56:12.346 [info] > git config --get commit.template [11ms]
2025-09-26 12:56:12.347 [info] > git for-each-ref --format=%(refname)%00%(upstream:short)%00%(objectname)%00%(upstream:track)%00%(upstream:remotename)%00%(upstream:remoteref) refs/heads/master refs/remotes/master [2ms]
2025-09-26 12:56:12.347 [warning] [Git][getBranch] No such branch: master
2025-09-26 12:56:12.367 [info] > git for-each-ref --sort -committerdate --format %(refname)%00%(objectname)%00%(*objectname) [1ms]
2025-09-26 12:56:12.379 [info] > git status -z -uall [24ms]
2025-09-26 12:56:17.421 [info] [Git][getRemotes] No remotes found in the git config file
2025-09-26 12:56:17.422 [info] > git config --get commit.template [13ms]
2025-09-26 12:56:17.422 [info] > git for-each-ref --format=%(refname)%00%(upstream:short)%00%(objectname)%00%(upstream:track)%00%(upstream:remotename)%00%(upstream:remoteref) refs/heads/master refs/remotes/master [1ms]
2025-09-26 12:56:17.423 [warning] [Git][getBranch] No such branch: master
2025-09-26 12:56:17.448 [info] > git for-each-ref --sort -committerdate --format %(refname)%00%(objectname)%00%(*objectname) [2ms]
2025-09-26 12:56:17.461 [info] > git status -z -uall [29ms]
2025-09-26 12:56:22.512 [info] [Git][getRemotes] No remotes found in the git config file
2025-09-26 12:56:22.513 [info] > git config --get commit.template [17ms]
2025-09-26 12:56:22.515 [info] > git for-each-ref --format=%(refname)%00%(upstream:short)%00%(objectname)%00%(upstream:track)%00%(upstream:remotename)%00%(upstream:remoteref) refs/heads/master refs/remotes/master [3ms]
2025-09-26 12:56:22.516 [warning] [Git][getBranch] No such branch: master
2025-09-26 12:56:22.567 [info] > git for-each-ref --sort -committerdate --format %(refname)%00%(objectname)%00%(*objectname) [5ms]
2025-09-26 12:56:22.584 [info] > git status -z -uall [54ms]
2025-09-26 12:56:27.627 [info] [Git][getRemotes] No remotes found in the git config file
2025-09-26 12:56:27.628 [info] > git config --get commit.template [11ms]
2025-09-26 12:56:27.628 [info] > git for-each-ref --format=%(refname)%00%(upstream:short)%00%(objectname)%00%(upstream:track)%00%(upstream:remotename)%00%(upstream:remoteref) refs/heads/master refs/remotes/master [1ms]
2025-09-26 12:56:27.628 [warning] [Git][getBranch] No such branch: master
2025-09-26 12:56:27.650 [info] > git for-each-ref --sort -committerdate --format %(refname)%00%(objectname)%00%(*objectname) [1ms]
2025-09-26 12:56:27.663 [info] > git status -z -uall [25ms]
2025-09-26 12:56:32.704 [info] [Git][getRemotes] No remotes found in the git config file
2025-09-26 12:56:32.704 [info] > git config --get commit.template [12ms]
2025-09-26 12:56:32.705 [info] > git for-each-ref --format=%(refname)%00%(upstream:short)%00%(objectname)%00%(upstream:track)%00%(upstream:remotename)%00%(upstream:remoteref) refs/heads/master refs/remotes/master [2ms]
2025-09-26 12:56:32.705 [warning] [Git][getBranch] No such branch: master
2025-09-26 12:56:32.727 [info] > git for-each-ref --sort -committerdate --format %(refname)%00%(objectname)%00%(*objectname) [2ms]
2025-09-26 12:56:32.740 [info] > git status -z -uall [25ms]
2025-09-26 12:56:37.781 [info] [Git][getRemotes] No remotes found in the git config file
2025-09-26 12:56:37.782 [info] > git config --get commit.template [13ms]
2025-09-26 12:56:37.783 [info] > git for-each-ref --format=%(refname)%00%(upstream:short)%00%(objectname)%00%(upstream:track)%00%(upstream:remotename)%00%(upstream:remoteref) refs/heads/master refs/remotes/master [2ms]
2025-09-26 12:56:37.783 [warning] [Git][getBranch] No such branch: master
2025-09-26 12:56:37.809 [info] > git for-each-ref --sort -committerdate --format %(refname)%00%(objectname)%00%(*objectname) [1ms]
2025-09-26 12:56:37.823 [info] > git status -z -uall [31ms]
2025-09-26 12:56:42.869 [info] [Git][getRemotes] No remotes found in the git config file
2025-09-26 12:56:42.870 [info] > git config --get commit.template [17ms]
2025-09-26 12:56:42.870 [info] > git for-each-ref --format=%(refname)%00%(upstream:short)%00%(objectname)%00%(upstream:track)%00%(upstream:remotename)%00%(upstream:remoteref) refs/heads/master refs/remotes/master [1ms]
2025-09-26 12:56:42.870 [warning] [Git][getBranch] No such branch: master
2025-09-26 12:56:42.901 [info] > git for-each-ref --sort -committerdate --format %(refname)%00%(objectname)%00%(*objectname) [2ms]
2025-09-26 12:56:42.912 [info] > git status -z -uall [30ms]
