2025-09-29 20:39:21.170 [info] [main] Log level: Info
2025-09-29 20:39:21.170 [info] [main] Validating found git in: "git"
2025-09-29 20:39:21.170 [info] [main] Using git "2.43.0" from "git"
2025-09-29 20:39:21.170 [info] [Model][doInitialScan] Initial repository scan started
2025-09-29 20:39:21.173 [info] > git rev-parse --show-toplevel [13ms]
2025-09-29 20:39:21.206 [info] > git rev-parse --git-dir --git-common-dir --show-superproject-working-tree [27ms]
2025-09-29 20:39:21.226 [info] [Model][openRepository] Opened repository (path): /home/ubuntu
2025-09-29 20:39:21.226 [info] [Model][openRepository] Opened repository (real path): /home/ubuntu
2025-09-29 20:39:21.226 [info] [Model][openRepository] Opened repository (kind): repository
2025-09-29 20:39:21.251 [info] > git config --get commit.template [16ms]
2025-09-29 20:39:21.252 [info] > git fetch [27ms]
2025-09-29 20:39:21.254 [info] > git rev-parse --show-toplevel [15ms]
2025-09-29 20:39:21.261 [info] [Git][getRemotes] No remotes found in the git config file
2025-09-29 20:39:21.273 [info] > git for-each-ref --format=%(refname)%00%(upstream:short)%00%(objectname)%00%(upstream:track)%00%(upstream:remotename)%00%(upstream:remoteref) refs/heads/master refs/remotes/master [12ms]
2025-09-29 20:39:21.273 [warning] [Git][getBranch] No such branch: master
2025-09-29 20:39:21.290 [info] > git for-each-ref --format=%(refname)%00%(upstream:short)%00%(objectname)%00%(upstream:track)%00%(upstream:remotename)%00%(upstream:remoteref) refs/heads/master refs/remotes/master [9ms]
2025-09-29 20:39:21.291 [warning] [Git][getBranch] No such branch: master
2025-09-29 20:39:21.291 [error] [GitHistoryProvider][resolveHEADMergeBase] Failed to resolve merge base for master: Error: No such branch: master.
2025-09-29 20:39:21.292 [info] > git rev-parse --show-toplevel [21ms]
2025-09-29 20:39:21.293 [info] > git config --get commit.template [26ms]
2025-09-29 20:39:21.298 [info] [Git][getRemotes] No remotes found in the git config file
2025-09-29 20:39:21.304 [info] > git config --get commit.template [15ms]
2025-09-29 20:39:21.307 [info] > git for-each-ref --format=%(refname)%00%(upstream:short)%00%(objectname)%00%(upstream:track)%00%(upstream:remotename)%00%(upstream:remoteref) refs/heads/master refs/remotes/master [8ms]
2025-09-29 20:39:21.307 [warning] [Git][getBranch] No such branch: master
2025-09-29 20:39:21.314 [info] [Git][getRemotes] No remotes found in the git config file
2025-09-29 20:39:21.314 [info] > git rev-parse --show-toplevel [11ms]
2025-09-29 20:39:21.321 [info] > git for-each-ref --format=%(refname)%00%(upstream:short)%00%(objectname)%00%(upstream:track)%00%(upstream:remotename)%00%(upstream:remoteref) refs/heads/master refs/remotes/master [7ms]
2025-09-29 20:39:21.321 [warning] [Git][getBranch] No such branch: master
2025-09-29 20:39:21.411 [info] > git rev-parse --show-toplevel [91ms]
2025-09-29 20:39:21.435 [info] > git for-each-ref --sort -committerdate --format %(refname)%00%(objectname)%00%(*objectname) [102ms]
2025-09-29 20:39:21.452 [info] > git status -z -uall [126ms]
2025-09-29 20:39:21.452 [info] > git rev-parse --show-toplevel [28ms]
2025-09-29 20:39:21.550 [info] > git rev-parse --show-toplevel [87ms]
2025-09-29 20:39:22.524 [info] > git rev-parse --show-toplevel [967ms]
2025-09-29 20:39:22.550 [info] > git check-ignore -v -z --stdin [17ms]
2025-09-29 20:39:22.568 [info] > git rev-parse --show-toplevel [24ms]
2025-09-29 20:39:22.571 [info] [Model][doInitialScan] Initial repository scan completed - repositories (1), closed repositories (0), parent repositories (0), unsafe repositories (0)
2025-09-29 20:39:22.672 [info] > git config --get commit.template [4ms]
2025-09-29 20:39:22.678 [info] [Git][getRemotes] No remotes found in the git config file
2025-09-29 20:39:22.679 [info] > git for-each-ref --format=%(refname)%00%(upstream:short)%00%(objectname)%00%(upstream:track)%00%(upstream:remotename)%00%(upstream:remoteref) refs/heads/master refs/remotes/master [2ms]
2025-09-29 20:39:22.679 [warning] [Git][getBranch] No such branch: master
2025-09-29 20:39:22.699 [info] > git for-each-ref --sort -committerdate --format %(refname)%00%(objectname)%00%(*objectname) [3ms]
2025-09-29 20:39:22.714 [info] > git status -z -uall [30ms]
2025-09-29 20:39:27.942 [info] > git config --get commit.template [6ms]
2025-09-29 20:39:27.949 [info] [Git][getRemotes] No remotes found in the git config file
2025-09-29 20:39:27.950 [info] > git for-each-ref --format=%(refname)%00%(upstream:short)%00%(objectname)%00%(upstream:track)%00%(upstream:remotename)%00%(upstream:remoteref) refs/heads/master refs/remotes/master [1ms]
2025-09-29 20:39:27.950 [warning] [Git][getBranch] No such branch: master
2025-09-29 20:39:27.965 [info] > git for-each-ref --sort -committerdate --format %(refname)%00%(objectname)%00%(*objectname) [1ms]
2025-09-29 20:39:27.987 [info] > git status -z -uall [30ms]
2025-09-29 20:39:33.045 [info] [Git][getRemotes] No remotes found in the git config file
2025-09-29 20:39:33.045 [info] > git config --get commit.template [8ms]
2025-09-29 20:39:33.046 [info] > git for-each-ref --format=%(refname)%00%(upstream:short)%00%(objectname)%00%(upstream:track)%00%(upstream:remotename)%00%(upstream:remoteref) refs/heads/master refs/remotes/master [2ms]
2025-09-29 20:39:33.046 [warning] [Git][getBranch] No such branch: master
2025-09-29 20:39:33.067 [info] > git for-each-ref --sort -committerdate --format %(refname)%00%(objectname)%00%(*objectname) [3ms]
2025-09-29 20:39:33.085 [info] > git status -z -uall [32ms]
2025-09-29 20:39:38.141 [info] [Git][getRemotes] No remotes found in the git config file
2025-09-29 20:39:38.142 [info] > git config --get commit.template [10ms]
2025-09-29 20:39:38.142 [info] > git for-each-ref --format=%(refname)%00%(upstream:short)%00%(objectname)%00%(upstream:track)%00%(upstream:remotename)%00%(upstream:remoteref) refs/heads/master refs/remotes/master [2ms]
2025-09-29 20:39:38.142 [warning] [Git][getBranch] No such branch: master
2025-09-29 20:39:38.167 [info] > git for-each-ref --sort -committerdate --format %(refname)%00%(objectname)%00%(*objectname) [5ms]
2025-09-29 20:39:38.180 [info] > git status -z -uall [30ms]
2025-09-29 20:39:43.227 [info] [Git][getRemotes] No remotes found in the git config file
2025-09-29 20:39:43.228 [info] > git config --get commit.template [9ms]
2025-09-29 20:39:43.228 [info] > git for-each-ref --format=%(refname)%00%(upstream:short)%00%(objectname)%00%(upstream:track)%00%(upstream:remotename)%00%(upstream:remoteref) refs/heads/master refs/remotes/master [1ms]
2025-09-29 20:39:43.229 [warning] [Git][getBranch] No such branch: master
2025-09-29 20:39:43.249 [info] > git for-each-ref --sort -committerdate --format %(refname)%00%(objectname)%00%(*objectname) [3ms]
2025-09-29 20:39:43.264 [info] > git status -z -uall [28ms]
2025-09-29 20:39:48.313 [info] [Git][getRemotes] No remotes found in the git config file
2025-09-29 20:39:48.314 [info] > git config --get commit.template [8ms]
2025-09-29 20:39:48.314 [info] > git for-each-ref --format=%(refname)%00%(upstream:short)%00%(objectname)%00%(upstream:track)%00%(upstream:remotename)%00%(upstream:remoteref) refs/heads/master refs/remotes/master [1ms]
2025-09-29 20:39:48.315 [warning] [Git][getBranch] No such branch: master
2025-09-29 20:39:48.331 [info] > git for-each-ref --sort -committerdate --format %(refname)%00%(objectname)%00%(*objectname) [1ms]
2025-09-29 20:39:48.346 [info] > git status -z -uall [25ms]
2025-09-29 20:41:23.641 [info] [Git][getRemotes] No remotes found in the git config file
2025-09-29 20:41:23.642 [info] > git for-each-ref --format=%(refname)%00%(upstream:short)%00%(objectname)%00%(upstream:track)%00%(upstream:remotename)%00%(upstream:remoteref) refs/heads/master refs/remotes/master [2ms]
2025-09-29 20:41:23.642 [warning] [Git][getBranch] No such branch: master
2025-09-29 20:41:23.642 [info] > git config --get commit.template [10ms]
2025-09-29 20:41:23.659 [info] > git for-each-ref --sort -committerdate --format %(refname)%00%(objectname)%00%(*objectname) [2ms]
2025-09-29 20:41:23.676 [info] > git status -z -uall [26ms]
2025-09-29 20:41:28.734 [info] > git config --get commit.template [9ms]
2025-09-29 20:41:28.735 [info] [Git][getRemotes] No remotes found in the git config file
2025-09-29 20:41:28.735 [info] > git for-each-ref --format=%(refname)%00%(upstream:short)%00%(objectname)%00%(upstream:track)%00%(upstream:remotename)%00%(upstream:remoteref) refs/heads/master refs/remotes/master [1ms]
2025-09-29 20:41:28.735 [warning] [Git][getBranch] No such branch: master
2025-09-29 20:41:28.758 [info] > git for-each-ref --sort -committerdate --format %(refname)%00%(objectname)%00%(*objectname) [4ms]
2025-09-29 20:41:28.772 [info] > git status -z -uall [29ms]
2025-09-29 20:41:33.821 [info] [Git][getRemotes] No remotes found in the git config file
2025-09-29 20:41:33.821 [info] > git config --get commit.template [8ms]
2025-09-29 20:41:33.822 [info] > git for-each-ref --format=%(refname)%00%(upstream:short)%00%(objectname)%00%(upstream:track)%00%(upstream:remotename)%00%(upstream:remoteref) refs/heads/master refs/remotes/master [2ms]
2025-09-29 20:41:33.822 [warning] [Git][getBranch] No such branch: master
2025-09-29 20:41:33.843 [info] > git for-each-ref --sort -committerdate --format %(refname)%00%(objectname)%00%(*objectname) [3ms]
2025-09-29 20:41:33.859 [info] > git status -z -uall [30ms]
2025-09-29 20:41:38.908 [info] [Git][getRemotes] No remotes found in the git config file
2025-09-29 20:41:38.910 [info] > git config --get commit.template [10ms]
2025-09-29 20:41:38.910 [info] > git for-each-ref --format=%(refname)%00%(upstream:short)%00%(objectname)%00%(upstream:track)%00%(upstream:remotename)%00%(upstream:remoteref) refs/heads/master refs/remotes/master [2ms]
2025-09-29 20:41:38.910 [warning] [Git][getBranch] No such branch: master
2025-09-29 20:41:38.932 [info] > git for-each-ref --sort -committerdate --format %(refname)%00%(objectname)%00%(*objectname) [0ms]
2025-09-29 20:41:38.947 [info] > git status -z -uall [29ms]
2025-09-29 20:41:43.989 [info] > git config --get commit.template [1ms]
2025-09-29 20:41:43.996 [info] [Git][getRemotes] No remotes found in the git config file
2025-09-29 20:41:43.997 [info] > git for-each-ref --format=%(refname)%00%(upstream:short)%00%(objectname)%00%(upstream:track)%00%(upstream:remotename)%00%(upstream:remoteref) refs/heads/master refs/remotes/master [1ms]
2025-09-29 20:41:43.998 [warning] [Git][getBranch] No such branch: master
2025-09-29 20:41:44.023 [info] > git for-each-ref --sort -committerdate --format %(refname)%00%(objectname)%00%(*objectname) [3ms]
2025-09-29 20:41:44.033 [info] > git status -z -uall [27ms]
2025-09-29 20:41:44.510 [info] > git check-ignore -v -z --stdin [2ms]
2025-09-29 20:41:49.086 [info] [Git][getRemotes] No remotes found in the git config file
2025-09-29 20:41:49.087 [info] > git config --get commit.template [9ms]
2025-09-29 20:41:49.087 [info] > git for-each-ref --format=%(refname)%00%(upstream:short)%00%(objectname)%00%(upstream:track)%00%(upstream:remotename)%00%(upstream:remoteref) refs/heads/master refs/remotes/master [2ms]
2025-09-29 20:41:49.087 [warning] [Git][getBranch] No such branch: master
2025-09-29 20:41:49.109 [info] > git for-each-ref --sort -committerdate --format %(refname)%00%(objectname)%00%(*objectname) [2ms]
2025-09-29 20:41:49.127 [info] > git status -z -uall [32ms]
2025-09-29 20:41:49.594 [info] > git check-ignore -v -z --stdin [6ms]
2025-09-29 20:41:53.298 [info] [Git][getRemotes] No remotes found in the git config file
2025-09-29 20:41:53.299 [info] > git config --get commit.template [11ms]
2025-09-29 20:41:53.300 [info] > git for-each-ref --format=%(refname)%00%(upstream:short)%00%(objectname)%00%(upstream:track)%00%(upstream:remotename)%00%(upstream:remoteref) refs/heads/master refs/remotes/master [2ms]
2025-09-29 20:41:53.300 [warning] [Git][getBranch] No such branch: master
2025-09-29 20:41:53.321 [info] > git for-each-ref --sort -committerdate --format %(refname)%00%(objectname)%00%(*objectname) [3ms]
2025-09-29 20:41:53.336 [info] > git status -z -uall [29ms]
2025-09-29 20:41:54.182 [info] [Git][getRemotes] No remotes found in the git config file
2025-09-29 20:41:54.183 [info] > git config --get commit.template [9ms]
2025-09-29 20:41:54.183 [info] > git for-each-ref --format=%(refname)%00%(upstream:short)%00%(objectname)%00%(upstream:track)%00%(upstream:remotename)%00%(upstream:remoteref) refs/heads/master refs/remotes/master [1ms]
2025-09-29 20:41:54.183 [warning] [Git][getBranch] No such branch: master
2025-09-29 20:41:54.200 [info] > git for-each-ref --sort -committerdate --format %(refname)%00%(objectname)%00%(*objectname) [2ms]
2025-09-29 20:41:54.216 [info] > git status -z -uall [24ms]
2025-09-29 20:41:55.350 [info] > git show --textconv :.gitignore [23ms]
2025-09-29 20:41:55.350 [info] > git show --textconv HEAD:.gitignore [16ms]
2025-09-29 20:41:55.350 [info] > git ls-files --stage -- .gitignore [8ms]
2025-09-29 20:41:55.365 [info] > git hash-object -t tree /dev/null [2ms]
2025-09-29 20:41:55.365 [warning] [GitFileSystemProvider][readFile] File not found - git:/home/ubuntu/.gitignore.git?%7B%22path%22%3A%22%2Fhome%2Fubuntu%2F.gitignore%22%2C%22ref%22%3A%22HEAD%22%7D
2025-09-29 20:41:55.365 [info] > git cat-file -s 30bd623c235a8810777bf14d0bbeb674f4fe6295 [9ms]
2025-09-29 20:41:55.366 [info] > git ls-tree -l HEAD -- .gitignore [18ms]
2025-09-29 20:41:55.366 [info] fatal: Not a valid object name HEAD
2025-09-29 20:41:55.366 [warning] [GitFileSystemProvider][stat] File not found - git:/home/ubuntu/.gitignore.git?%7B%22path%22%3A%22%2Fhome%2Fubuntu%2F.gitignore%22%2C%22ref%22%3A%22HEAD%22%7D
2025-09-29 20:41:59.257 [info] [Git][getRemotes] No remotes found in the git config file
2025-09-29 20:41:59.265 [info] > git config --get commit.template [9ms]
2025-09-29 20:41:59.266 [info] > git for-each-ref --format=%(refname)%00%(upstream:short)%00%(objectname)%00%(upstream:track)%00%(upstream:remotename)%00%(upstream:remoteref) refs/heads/master refs/remotes/master [2ms]
2025-09-29 20:41:59.266 [warning] [Git][getBranch] No such branch: master
2025-09-29 20:41:59.290 [info] > git for-each-ref --sort -committerdate --format %(refname)%00%(objectname)%00%(*objectname) [2ms]
2025-09-29 20:41:59.305 [info] > git status -z -uall [30ms]
2025-09-29 20:42:05.210 [info] > git config --get commit.template [2ms]
2025-09-29 20:42:05.218 [info] [Git][getRemotes] No remotes found in the git config file
2025-09-29 20:42:05.219 [info] > git for-each-ref --format=%(refname)%00%(upstream:short)%00%(objectname)%00%(upstream:track)%00%(upstream:remotename)%00%(upstream:remoteref) refs/heads/master refs/remotes/master [1ms]
2025-09-29 20:42:05.219 [warning] [Git][getBranch] No such branch: master
2025-09-29 20:42:05.236 [info] > git for-each-ref --sort -committerdate --format %(refname)%00%(objectname)%00%(*objectname) [2ms]
2025-09-29 20:42:05.255 [info] > git status -z -uall [29ms]
2025-09-29 20:42:10.304 [info] > git config --get commit.template [4ms]
2025-09-29 20:42:10.312 [info] [Git][getRemotes] No remotes found in the git config file
2025-09-29 20:42:10.338 [info] > git for-each-ref --format=%(refname)%00%(upstream:short)%00%(objectname)%00%(upstream:track)%00%(upstream:remotename)%00%(upstream:remoteref) refs/heads/master refs/remotes/master [26ms]
2025-09-29 20:42:10.338 [warning] [Git][getBranch] No such branch: master
2025-09-29 20:42:10.381 [info] > git for-each-ref --sort -committerdate --format %(refname)%00%(objectname)%00%(*objectname) [28ms]
2025-09-29 20:42:10.384 [info] > git status -z -uall [38ms]
2025-09-29 20:42:15.424 [info] > git config --get commit.template [1ms]
2025-09-29 20:42:15.433 [info] [Git][getRemotes] No remotes found in the git config file
2025-09-29 20:42:15.434 [info] > git for-each-ref --format=%(refname)%00%(upstream:short)%00%(objectname)%00%(upstream:track)%00%(upstream:remotename)%00%(upstream:remoteref) refs/heads/master refs/remotes/master [2ms]
2025-09-29 20:42:15.434 [warning] [Git][getBranch] No such branch: master
2025-09-29 20:42:15.466 [info] > git for-each-ref --sort -committerdate --format %(refname)%00%(objectname)%00%(*objectname) [3ms]
2025-09-29 20:42:15.480 [info] > git status -z -uall [32ms]
2025-09-29 20:42:19.599 [info] > git ls-files --stage -- .gitignore [2ms]
2025-09-29 20:42:19.608 [info] > git cat-file -s 30bd623c235a8810777bf14d0bbeb674f4fe6295 [1ms]
2025-09-29 20:42:19.874 [info] > git show --textconv :.gitignore [2ms]
2025-09-29 20:42:20.532 [info] > git config --get commit.template [11ms]
2025-09-29 20:42:20.533 [info] > git for-each-ref --format=%(refname)%00%(upstream:short)%00%(objectname)%00%(upstream:track)%00%(upstream:remotename)%00%(upstream:remoteref) refs/heads/master refs/remotes/master [2ms]
2025-09-29 20:42:20.533 [warning] [Git][getBranch] No such branch: master
2025-09-29 20:42:20.557 [info] > git for-each-ref --sort -committerdate --format %(refname)%00%(objectname)%00%(*objectname) [1ms]
2025-09-29 20:42:20.571 [info] > git status -z -uall [29ms]
2025-09-29 20:42:21.650 [info] > git fetch [332ms]
2025-09-29 20:42:21.650 [info] From https://github.com/DAMILARE1012/Student-Tracker-Project
 * [new branch]      main       -> origin/main
2025-09-29 20:42:21.668 [info] > git config --get commit.template [9ms]
2025-09-29 20:42:21.669 [info] > git for-each-ref --format=%(refname)%00%(upstream:short)%00%(objectname)%00%(upstream:track)%00%(upstream:remotename)%00%(upstream:remoteref) refs/heads/master refs/remotes/master [2ms]
2025-09-29 20:42:21.669 [warning] [Git][getBranch] No such branch: master
2025-09-29 20:42:21.692 [info] > git for-each-ref --sort -committerdate --format %(refname)%00%(objectname)%00%(*objectname) [3ms]
2025-09-29 20:42:21.707 [info] > git status -z -uall [30ms]
2025-09-29 20:42:23.519 [info] > git ls-files --stage -- .gitignore [1ms]
2025-09-29 20:42:23.529 [info] > git cat-file -s 30bd623c235a8810777bf14d0bbeb674f4fe6295 [2ms]
2025-09-29 20:42:23.833 [info] > git show --textconv :.gitignore [2ms]
2025-09-29 20:42:25.623 [info] > git config --get commit.template [10ms]
2025-09-29 20:42:25.623 [info] > git for-each-ref --format=%(refname)%00%(upstream:short)%00%(objectname)%00%(upstream:track)%00%(upstream:remotename)%00%(upstream:remoteref) refs/heads/master refs/remotes/master [1ms]
2025-09-29 20:42:25.623 [warning] [Git][getBranch] No such branch: master
2025-09-29 20:42:25.641 [info] > git for-each-ref --sort -committerdate --format %(refname)%00%(objectname)%00%(*objectname) [1ms]
2025-09-29 20:42:25.657 [info] > git status -z -uall [25ms]
2025-09-29 20:42:30.712 [info] > git config --get commit.template [10ms]
2025-09-29 20:42:30.713 [info] > git for-each-ref --format=%(refname)%00%(upstream:short)%00%(objectname)%00%(upstream:track)%00%(upstream:remotename)%00%(upstream:remoteref) refs/heads/master refs/remotes/master [2ms]
2025-09-29 20:42:30.713 [warning] [Git][getBranch] No such branch: master
2025-09-29 20:42:30.737 [info] > git for-each-ref --sort -committerdate --format %(refname)%00%(objectname)%00%(*objectname) [3ms]
2025-09-29 20:42:30.750 [info] > git status -z -uall [29ms]
2025-09-29 20:42:35.806 [info] > git config --get commit.template [10ms]
2025-09-29 20:42:35.807 [info] > git for-each-ref --format=%(refname)%00%(upstream:short)%00%(objectname)%00%(upstream:track)%00%(upstream:remotename)%00%(upstream:remoteref) refs/heads/master refs/remotes/master [2ms]
2025-09-29 20:42:35.807 [warning] [Git][getBranch] No such branch: master
2025-09-29 20:42:35.831 [info] > git for-each-ref --sort -committerdate --format %(refname)%00%(objectname)%00%(*objectname) [3ms]
2025-09-29 20:42:35.845 [info] > git status -z -uall [30ms]
2025-09-29 20:42:40.890 [info] > git config --get commit.template [11ms]
2025-09-29 20:42:40.891 [info] > git for-each-ref --format=%(refname)%00%(upstream:short)%00%(objectname)%00%(upstream:track)%00%(upstream:remotename)%00%(upstream:remoteref) refs/heads/master refs/remotes/master [2ms]
2025-09-29 20:42:40.891 [warning] [Git][getBranch] No such branch: master
2025-09-29 20:42:40.919 [info] > git for-each-ref --sort -committerdate --format %(refname)%00%(objectname)%00%(*objectname) [5ms]
2025-09-29 20:42:40.930 [info] > git status -z -uall [31ms]
2025-09-29 20:42:45.975 [info] > git config --get commit.template [10ms]
2025-09-29 20:42:45.976 [info] > git for-each-ref --format=%(refname)%00%(upstream:short)%00%(objectname)%00%(upstream:track)%00%(upstream:remotename)%00%(upstream:remoteref) refs/heads/master refs/remotes/master [2ms]
2025-09-29 20:42:45.976 [warning] [Git][getBranch] No such branch: master
2025-09-29 20:42:46.001 [info] > git for-each-ref --sort -committerdate --format %(refname)%00%(objectname)%00%(*objectname) [5ms]
2025-09-29 20:42:46.015 [info] > git status -z -uall [31ms]
2025-09-29 20:42:51.060 [info] > git config --get commit.template [10ms]
2025-09-29 20:42:51.061 [info] > git for-each-ref --format=%(refname)%00%(upstream:short)%00%(objectname)%00%(upstream:track)%00%(upstream:remotename)%00%(upstream:remoteref) refs/heads/master refs/remotes/master [2ms]
2025-09-29 20:42:51.061 [warning] [Git][getBranch] No such branch: master
2025-09-29 20:42:51.084 [info] > git for-each-ref --sort -committerdate --format %(refname)%00%(objectname)%00%(*objectname) [3ms]
2025-09-29 20:42:51.103 [info] > git status -z -uall [34ms]
2025-09-29 20:42:51.531 [info] > git config --get commit.template [9ms]
2025-09-29 20:42:51.544 [info] > git for-each-ref --format=%(refname)%00%(upstream:short)%00%(objectname)%00%(upstream:track)%00%(upstream:remotename)%00%(upstream:remoteref) refs/heads/master refs/remotes/master [4ms]
2025-09-29 20:42:51.544 [warning] [Git][getBranch] No such branch: master
2025-09-29 20:42:51.571 [info] > git for-each-ref --sort -committerdate --format %(refname)%00%(objectname)%00%(*objectname) [3ms]
2025-09-29 20:42:51.590 [info] > git status -z -uall [37ms]
2025-09-29 20:42:52.917 [info] > git check-ignore -v -z --stdin [2ms]
2025-09-29 20:42:56.147 [info] > git config --get commit.template [9ms]
2025-09-29 20:42:56.147 [info] > git for-each-ref --format=%(refname)%00%(upstream:short)%00%(objectname)%00%(upstream:track)%00%(upstream:remotename)%00%(upstream:remoteref) refs/heads/master refs/remotes/master [1ms]
2025-09-29 20:42:56.147 [warning] [Git][getBranch] No such branch: master
2025-09-29 20:42:56.178 [info] > git for-each-ref --sort -committerdate --format %(refname)%00%(objectname)%00%(*objectname) [4ms]
2025-09-29 20:42:56.187 [info] > git status -z -uall [32ms]
2025-09-29 20:42:56.618 [info] > git config --get commit.template [5ms]
2025-09-29 20:42:56.633 [info] > git for-each-ref --format=%(refname)%00%(upstream:short)%00%(objectname)%00%(upstream:track)%00%(upstream:remotename)%00%(upstream:remoteref) refs/heads/master refs/remotes/master [3ms]
2025-09-29 20:42:56.634 [warning] [Git][getBranch] No such branch: master
2025-09-29 20:42:56.662 [info] > git for-each-ref --sort -committerdate --format %(refname)%00%(objectname)%00%(*objectname) [3ms]
2025-09-29 20:42:56.685 [info] > git status -z -uall [41ms]
2025-09-29 20:43:01.232 [info] > git config --get commit.template [9ms]
2025-09-29 20:43:01.233 [info] > git for-each-ref --format=%(refname)%00%(upstream:short)%00%(objectname)%00%(upstream:track)%00%(upstream:remotename)%00%(upstream:remoteref) refs/heads/master refs/remotes/master [2ms]
2025-09-29 20:43:01.233 [warning] [Git][getBranch] No such branch: master
2025-09-29 20:43:01.257 [info] > git for-each-ref --sort -committerdate --format %(refname)%00%(objectname)%00%(*objectname) [3ms]
2025-09-29 20:43:01.273 [info] > git status -z -uall [31ms]
2025-09-29 20:43:06.319 [info] > git config --get commit.template [9ms]
2025-09-29 20:43:06.319 [info] > git for-each-ref --format=%(refname)%00%(upstream:short)%00%(objectname)%00%(upstream:track)%00%(upstream:remotename)%00%(upstream:remoteref) refs/heads/master refs/remotes/master [1ms]
2025-09-29 20:43:06.320 [warning] [Git][getBranch] No such branch: master
2025-09-29 20:43:06.338 [info] > git for-each-ref --sort -committerdate --format %(refname)%00%(objectname)%00%(*objectname) [2ms]
2025-09-29 20:43:06.352 [info] > git status -z -uall [24ms]
2025-09-29 20:43:11.396 [info] > git config --get commit.template [10ms]
2025-09-29 20:43:11.397 [info] > git for-each-ref --format=%(refname)%00%(upstream:short)%00%(objectname)%00%(upstream:track)%00%(upstream:remotename)%00%(upstream:remoteref) refs/heads/master refs/remotes/master [2ms]
2025-09-29 20:43:11.397 [warning] [Git][getBranch] No such branch: master
2025-09-29 20:43:11.422 [info] > git for-each-ref --sort -committerdate --format %(refname)%00%(objectname)%00%(*objectname) [3ms]
2025-09-29 20:43:11.436 [info] > git status -z -uall [30ms]
2025-09-29 20:43:16.478 [info] > git config --get commit.template [8ms]
2025-09-29 20:43:16.479 [info] > git for-each-ref --format=%(refname)%00%(upstream:short)%00%(objectname)%00%(upstream:track)%00%(upstream:remotename)%00%(upstream:remoteref) refs/heads/master refs/remotes/master [1ms]
2025-09-29 20:43:16.479 [warning] [Git][getBranch] No such branch: master
2025-09-29 20:43:16.506 [info] > git for-each-ref --sort -committerdate --format %(refname)%00%(objectname)%00%(*objectname) [7ms]
2025-09-29 20:43:16.519 [info] > git status -z -uall [33ms]
2025-09-29 20:43:21.567 [info] > git config --get commit.template [8ms]
2025-09-29 20:43:21.575 [info] > git for-each-ref --format=%(refname)%00%(upstream:short)%00%(objectname)%00%(upstream:track)%00%(upstream:remotename)%00%(upstream:remoteref) refs/heads/master refs/remotes/master [1ms]
2025-09-29 20:43:21.576 [warning] [Git][getBranch] No such branch: master
2025-09-29 20:43:21.595 [info] > git for-each-ref --sort -committerdate --format %(refname)%00%(objectname)%00%(*objectname) [2ms]
2025-09-29 20:43:21.611 [info] > git status -z -uall [29ms]
2025-09-29 20:43:26.658 [info] > git config --get commit.template [8ms]
2025-09-29 20:43:26.658 [info] > git for-each-ref --format=%(refname)%00%(upstream:short)%00%(objectname)%00%(upstream:track)%00%(upstream:remotename)%00%(upstream:remoteref) refs/heads/master refs/remotes/master [1ms]
2025-09-29 20:43:26.658 [warning] [Git][getBranch] No such branch: master
2025-09-29 20:43:26.678 [info] > git for-each-ref --sort -committerdate --format %(refname)%00%(objectname)%00%(*objectname) [1ms]
2025-09-29 20:43:26.695 [info] > git status -z -uall [29ms]
2025-09-29 20:43:29.811 [info] > git ls-files --stage -- .gitignore [3ms]
2025-09-29 20:43:29.819 [info] > git cat-file -s 30bd623c235a8810777bf14d0bbeb674f4fe6295 [1ms]
2025-09-29 20:43:30.111 [info] > git show --textconv :.gitignore [3ms]
2025-09-29 20:43:30.740 [info] > git config --get commit.template [2ms]
2025-09-29 20:43:30.749 [info] > git for-each-ref --format=%(refname)%00%(upstream:short)%00%(objectname)%00%(upstream:track)%00%(upstream:remotename)%00%(upstream:remoteref) refs/heads/master refs/remotes/master [2ms]
2025-09-29 20:43:30.771 [info] > git for-each-ref --sort -committerdate --format %(refname)%00%(objectname)%00%(*objectname) [3ms]
2025-09-29 20:43:30.784 [info] > git status -z -uall [28ms]
2025-09-29 20:43:31.095 [info] > git blame --root --incremental b98f95ef7b2ef6dd288cfe0830a4878263d8d53f -- .gitignore [2ms]
2025-09-29 20:43:31.741 [info] > git config --get commit.template [8ms]
2025-09-29 20:43:31.742 [info] > git for-each-ref --format=%(refname)%00%(upstream:short)%00%(objectname)%00%(upstream:track)%00%(upstream:remotename)%00%(upstream:remoteref) refs/heads/master refs/remotes/master [2ms]
2025-09-29 20:43:31.762 [info] > git for-each-ref --sort -committerdate --format %(refname)%00%(objectname)%00%(*objectname) [3ms]
2025-09-29 20:43:31.776 [info] > git status -z -uall [27ms]
2025-09-29 20:43:36.796 [info] > git config --get commit.template [9ms]
2025-09-29 20:43:36.796 [info] > git for-each-ref --format=%(refname)%00%(upstream:short)%00%(objectname)%00%(upstream:track)%00%(upstream:remotename)%00%(upstream:remoteref) refs/heads/master refs/remotes/master [1ms]
2025-09-29 20:43:36.818 [info] > git for-each-ref --sort -committerdate --format %(refname)%00%(objectname)%00%(*objectname) [2ms]
2025-09-29 20:43:36.827 [info] > git status -z -uall [23ms]
2025-09-29 20:43:41.847 [info] > git config --get commit.template [8ms]
2025-09-29 20:43:41.848 [info] > git for-each-ref --format=%(refname)%00%(upstream:short)%00%(objectname)%00%(upstream:track)%00%(upstream:remotename)%00%(upstream:remoteref) refs/heads/master refs/remotes/master [1ms]
2025-09-29 20:43:41.871 [info] > git for-each-ref --sort -committerdate --format %(refname)%00%(objectname)%00%(*objectname) [3ms]
2025-09-29 20:43:41.884 [info] > git status -z -uall [28ms]
2025-09-29 20:43:46.904 [info] > git config --get commit.template [9ms]
2025-09-29 20:43:46.904 [info] > git for-each-ref --format=%(refname)%00%(upstream:short)%00%(objectname)%00%(upstream:track)%00%(upstream:remotename)%00%(upstream:remoteref) refs/heads/master refs/remotes/master [1ms]
2025-09-29 20:43:46.921 [info] > git for-each-ref --sort -committerdate --format %(refname)%00%(objectname)%00%(*objectname) [2ms]
2025-09-29 20:43:46.936 [info] > git status -z -uall [24ms]
2025-09-29 20:43:51.956 [info] > git config --get commit.template [9ms]
2025-09-29 20:43:51.957 [info] > git for-each-ref --format=%(refname)%00%(upstream:short)%00%(objectname)%00%(upstream:track)%00%(upstream:remotename)%00%(upstream:remoteref) refs/heads/master refs/remotes/master [2ms]
2025-09-29 20:43:51.982 [info] > git for-each-ref --sort -committerdate --format %(refname)%00%(objectname)%00%(*objectname) [2ms]
2025-09-29 20:43:51.996 [info] > git status -z -uall [28ms]
2025-09-29 20:43:57.014 [info] > git config --get commit.template [8ms]
2025-09-29 20:43:57.015 [info] > git for-each-ref --format=%(refname)%00%(upstream:short)%00%(objectname)%00%(upstream:track)%00%(upstream:remotename)%00%(upstream:remoteref) refs/heads/master refs/remotes/master [1ms]
2025-09-29 20:43:57.038 [info] > git for-each-ref --sort -committerdate --format %(refname)%00%(objectname)%00%(*objectname) [2ms]
2025-09-29 20:43:57.061 [info] > git status -z -uall [34ms]
2025-09-29 20:44:03.557 [info] > git config --get commit.template [3ms]
2025-09-29 20:44:03.566 [info] > git for-each-ref --format=%(refname)%00%(upstream:short)%00%(objectname)%00%(upstream:track)%00%(upstream:remotename)%00%(upstream:remoteref) refs/heads/master refs/remotes/master [2ms]
2025-09-29 20:44:03.586 [info] > git for-each-ref --sort -committerdate --format %(refname)%00%(objectname)%00%(*objectname) [1ms]
2025-09-29 20:44:03.601 [info] > git status -z -uall [29ms]
2025-09-29 20:44:08.621 [info] > git config --get commit.template [8ms]
2025-09-29 20:44:08.622 [info] > git for-each-ref --format=%(refname)%00%(upstream:short)%00%(objectname)%00%(upstream:track)%00%(upstream:remotename)%00%(upstream:remoteref) refs/heads/master refs/remotes/master [2ms]
2025-09-29 20:44:08.643 [info] > git for-each-ref --sort -committerdate --format %(refname)%00%(objectname)%00%(*objectname) [3ms]
2025-09-29 20:44:08.657 [info] > git status -z -uall [28ms]
2025-09-29 20:44:13.132 [info] > git config --get commit.template [9ms]
2025-09-29 20:44:13.133 [info] > git for-each-ref --format=%(refname)%00%(upstream:short)%00%(objectname)%00%(upstream:track)%00%(upstream:remotename)%00%(upstream:remoteref) refs/heads/master refs/remotes/master [3ms]
2025-09-29 20:44:13.149 [info] > git for-each-ref --sort -committerdate --format %(refname)%00%(objectname)%00%(*objectname) [2ms]
2025-09-29 20:44:13.163 [info] > git status -z -uall [23ms]
2025-09-29 20:44:13.675 [info] > git config --get commit.template [8ms]
2025-09-29 20:44:13.676 [info] > git for-each-ref --format=%(refname)%00%(upstream:short)%00%(objectname)%00%(upstream:track)%00%(upstream:remotename)%00%(upstream:remoteref) refs/heads/master refs/remotes/master [2ms]
2025-09-29 20:44:13.699 [info] > git for-each-ref --sort -committerdate --format %(refname)%00%(objectname)%00%(*objectname) [5ms]
2025-09-29 20:44:13.711 [info] > git status -z -uall [29ms]
2025-09-29 20:44:18.722 [info] > git config --get commit.template [2ms]
2025-09-29 20:44:18.731 [info] > git for-each-ref --format=%(refname)%00%(upstream:short)%00%(objectname)%00%(upstream:track)%00%(upstream:remotename)%00%(upstream:remoteref) refs/heads/master refs/remotes/master [2ms]
2025-09-29 20:44:18.752 [info] > git for-each-ref --sort -committerdate --format %(refname)%00%(objectname)%00%(*objectname) [4ms]
2025-09-29 20:44:18.768 [info] > git status -z -uall [30ms]
2025-09-29 20:44:23.786 [info] > git config --get commit.template [9ms]
2025-09-29 20:44:23.787 [info] > git for-each-ref --format=%(refname)%00%(upstream:short)%00%(objectname)%00%(upstream:track)%00%(upstream:remotename)%00%(upstream:remoteref) refs/heads/master refs/remotes/master [2ms]
2025-09-29 20:44:23.808 [info] > git for-each-ref --sort -committerdate --format %(refname)%00%(objectname)%00%(*objectname) [4ms]
2025-09-29 20:44:23.823 [info] > git status -z -uall [29ms]
2025-09-29 20:44:28.841 [info] > git config --get commit.template [9ms]
2025-09-29 20:44:28.842 [info] > git for-each-ref --format=%(refname)%00%(upstream:short)%00%(objectname)%00%(upstream:track)%00%(upstream:remotename)%00%(upstream:remoteref) refs/heads/master refs/remotes/master [2ms]
2025-09-29 20:44:28.863 [info] > git for-each-ref --sort -committerdate --format %(refname)%00%(objectname)%00%(*objectname) [4ms]
2025-09-29 20:44:28.878 [info] > git status -z -uall [29ms]
2025-09-29 20:45:01.399 [info] > git for-each-ref --format=%(refname)%00%(upstream:short)%00%(objectname)%00%(upstream:track)%00%(upstream:remotename)%00%(upstream:remoteref) refs/heads/master refs/remotes/master [1ms]
2025-09-29 20:45:01.401 [info] > git config --get commit.template [17ms]
2025-09-29 20:45:01.443 [info] > git for-each-ref --sort -committerdate --format %(refname)%00%(objectname)%00%(*objectname) [3ms]
2025-09-29 20:45:01.480 [info] > git status -z -uall [65ms]
2025-09-29 20:45:06.493 [info] > git config --get commit.template [2ms]
2025-09-29 20:45:06.502 [info] > git for-each-ref --format=%(refname)%00%(upstream:short)%00%(objectname)%00%(upstream:track)%00%(upstream:remotename)%00%(upstream:remoteref) refs/heads/master refs/remotes/master [2ms]
2025-09-29 20:45:06.518 [info] > git for-each-ref --sort -committerdate --format %(refname)%00%(objectname)%00%(*objectname) [2ms]
2025-09-29 20:45:06.532 [info] > git status -z -uall [23ms]
2025-09-29 20:45:10.277 [info] > git config --get commit.template [7ms]
2025-09-29 20:45:10.278 [info] > git for-each-ref --format=%(refname)%00%(upstream:short)%00%(objectname)%00%(upstream:track)%00%(upstream:remotename)%00%(upstream:remoteref) refs/heads/main refs/remotes/main [2ms]
2025-09-29 20:45:10.297 [info] > git for-each-ref --sort -committerdate --format %(refname)%00%(objectname)%00%(*objectname) [3ms]
2025-09-29 20:45:10.312 [info] > git status -z -uall [28ms]
2025-09-29 20:45:10.325 [info] > git for-each-ref --format=%(refname)%00%(upstream:short)%00%(objectname)%00%(upstream:track)%00%(upstream:remotename)%00%(upstream:remoteref) refs/heads/main refs/remotes/main [1ms]
2025-09-29 20:45:10.335 [info] > git config --get --local branch.main.vscode-merge-base [3ms]
2025-09-29 20:45:10.335 [warning] [Git][config] git config failed: Failed to execute git
2025-09-29 20:45:10.344 [info] > git reflog main --grep-reflog=branch: Created from *. [2ms]
2025-09-29 20:45:10.353 [info] > git symbolic-ref --short refs/remotes/origin/HEAD [3ms]
2025-09-29 20:45:10.353 [info] fatal: ref refs/remotes/origin/HEAD is not a symbolic ref
2025-09-29 20:45:10.353 [warning] [Repository][getDefaultBranch] Failed to get default branch details: Failed to execute git.
2025-09-29 20:45:11.547 [info] > git config --get commit.template [3ms]
2025-09-29 20:45:11.556 [info] > git for-each-ref --format=%(refname)%00%(upstream:short)%00%(objectname)%00%(upstream:track)%00%(upstream:remotename)%00%(upstream:remoteref) refs/heads/main refs/remotes/main [1ms]
2025-09-29 20:45:11.577 [info] > git for-each-ref --sort -committerdate --format %(refname)%00%(objectname)%00%(*objectname) [2ms]
2025-09-29 20:45:11.591 [info] > git status -z -uall [28ms]
2025-09-29 20:45:11.708 [info] > git ls-files --stage -- .gitignore [2ms]
2025-09-29 20:45:11.717 [info] > git cat-file -s 30bd623c235a8810777bf14d0bbeb674f4fe6295 [2ms]
2025-09-29 20:45:12.016 [info] > git show --textconv :.gitignore [4ms]
2025-09-29 20:45:15.870 [info] > git config --get commit.template [8ms]
2025-09-29 20:45:15.871 [info] > git for-each-ref --format=%(refname)%00%(upstream:short)%00%(objectname)%00%(upstream:track)%00%(upstream:remotename)%00%(upstream:remoteref) refs/heads/main refs/remotes/main [1ms]
2025-09-29 20:45:15.893 [info] > git for-each-ref --sort -committerdate --format %(refname)%00%(objectname)%00%(*objectname) [2ms]
2025-09-29 20:45:15.910 [info] > git status -z -uall [32ms]
2025-09-29 20:45:16.626 [info] > git config --get commit.template [14ms]
2025-09-29 20:45:16.627 [info] > git for-each-ref --format=%(refname)%00%(upstream:short)%00%(objectname)%00%(upstream:track)%00%(upstream:remotename)%00%(upstream:remoteref) refs/heads/main refs/remotes/main [2ms]
2025-09-29 20:45:16.650 [info] > git for-each-ref --sort -committerdate --format %(refname)%00%(objectname)%00%(*objectname) [3ms]
2025-09-29 20:45:16.660 [info] > git status -z -uall [27ms]
2025-09-29 20:45:21.679 [info] > git config --get commit.template [8ms]
2025-09-29 20:45:21.680 [info] > git for-each-ref --format=%(refname)%00%(upstream:short)%00%(objectname)%00%(upstream:track)%00%(upstream:remotename)%00%(upstream:remoteref) refs/heads/main refs/remotes/main [1ms]
2025-09-29 20:45:21.696 [info] > git for-each-ref --sort -committerdate --format %(refname)%00%(objectname)%00%(*objectname) [2ms]
2025-09-29 20:45:21.711 [info] > git status -z -uall [24ms]
2025-09-29 20:45:21.939 [info] > git fetch [194ms]
2025-09-29 20:45:21.966 [info] > git config --get commit.template [15ms]
2025-09-29 20:45:21.968 [info] > git for-each-ref --format=%(refname)%00%(upstream:short)%00%(objectname)%00%(upstream:track)%00%(upstream:remotename)%00%(upstream:remoteref) refs/heads/main refs/remotes/main [6ms]
2025-09-29 20:45:21.995 [info] > git for-each-ref --sort -committerdate --format %(refname)%00%(objectname)%00%(*objectname) [6ms]
2025-09-29 20:45:22.008 [info] > git status -z -uall [31ms]
2025-09-29 20:45:23.760 [info] > git ls-files --stage -- .gitignore [2ms]
2025-09-29 20:45:23.770 [info] > git cat-file -s 30bd623c235a8810777bf14d0bbeb674f4fe6295 [2ms]
2025-09-29 20:45:24.050 [info] > git show --textconv :.gitignore [11ms]
2025-09-29 20:45:26.735 [info] > git config --get commit.template [9ms]
2025-09-29 20:45:26.735 [info] > git for-each-ref --format=%(refname)%00%(upstream:short)%00%(objectname)%00%(upstream:track)%00%(upstream:remotename)%00%(upstream:remoteref) refs/heads/main refs/remotes/main [2ms]
2025-09-29 20:45:26.750 [info] > git for-each-ref --sort -committerdate --format %(refname)%00%(objectname)%00%(*objectname) [2ms]
2025-09-29 20:45:26.765 [info] > git status -z -uall [24ms]
2025-09-29 20:45:31.784 [info] > git config --get commit.template [8ms]
2025-09-29 20:45:31.785 [info] > git for-each-ref --format=%(refname)%00%(upstream:short)%00%(objectname)%00%(upstream:track)%00%(upstream:remotename)%00%(upstream:remoteref) refs/heads/main refs/remotes/main [2ms]
2025-09-29 20:45:31.806 [info] > git for-each-ref --sort -committerdate --format %(refname)%00%(objectname)%00%(*objectname) [4ms]
2025-09-29 20:45:31.819 [info] > git status -z -uall [27ms]
2025-09-29 20:45:36.839 [info] > git for-each-ref --format=%(refname)%00%(upstream:short)%00%(objectname)%00%(upstream:track)%00%(upstream:remotename)%00%(upstream:remoteref) refs/heads/main refs/remotes/main [2ms]
2025-09-29 20:45:36.839 [info] > git config --get commit.template [10ms]
2025-09-29 20:45:36.859 [info] > git for-each-ref --sort -committerdate --format %(refname)%00%(objectname)%00%(*objectname) [2ms]
2025-09-29 20:45:36.873 [info] > git status -z -uall [27ms]
2025-09-29 20:45:41.890 [info] > git config --get commit.template [8ms]
2025-09-29 20:45:41.891 [info] > git for-each-ref --format=%(refname)%00%(upstream:short)%00%(objectname)%00%(upstream:track)%00%(upstream:remotename)%00%(upstream:remoteref) refs/heads/main refs/remotes/main [2ms]
2025-09-29 20:45:41.911 [info] > git for-each-ref --sort -committerdate --format %(refname)%00%(objectname)%00%(*objectname) [3ms]
2025-09-29 20:45:41.925 [info] > git status -z -uall [27ms]
2025-09-29 20:46:22.962 [info] > git config --get commit.template [8ms]
2025-09-29 20:46:22.962 [info] > git for-each-ref --format=%(refname)%00%(upstream:short)%00%(objectname)%00%(upstream:track)%00%(upstream:remotename)%00%(upstream:remoteref) refs/heads/main refs/remotes/main [1ms]
2025-09-29 20:46:22.982 [info] > git for-each-ref --sort -committerdate --format %(refname)%00%(objectname)%00%(*objectname) [2ms]
2025-09-29 20:46:22.998 [info] > git status -z -uall [29ms]
2025-09-29 20:46:28.021 [info] > git config --get commit.template [8ms]
2025-09-29 20:46:28.022 [info] > git for-each-ref --format=%(refname)%00%(upstream:short)%00%(objectname)%00%(upstream:track)%00%(upstream:remotename)%00%(upstream:remoteref) refs/heads/main refs/remotes/main [2ms]
2025-09-29 20:46:28.046 [info] > git for-each-ref --sort -committerdate --format %(refname)%00%(objectname)%00%(*objectname) [3ms]
2025-09-29 20:46:28.057 [info] > git status -z -uall [27ms]
2025-09-29 20:46:33.077 [info] > git for-each-ref --format=%(refname)%00%(upstream:short)%00%(objectname)%00%(upstream:track)%00%(upstream:remotename)%00%(upstream:remoteref) refs/heads/main refs/remotes/main [3ms]
2025-09-29 20:46:33.077 [info] > git config --get commit.template [11ms]
2025-09-29 20:46:33.098 [info] > git for-each-ref --sort -committerdate --format %(refname)%00%(objectname)%00%(*objectname) [3ms]
2025-09-29 20:46:33.112 [info] > git status -z -uall [28ms]
2025-09-29 20:46:38.160 [info] > git config --get commit.template [22ms]
2025-09-29 20:46:38.160 [info] > git for-each-ref --format=%(refname)%00%(upstream:short)%00%(objectname)%00%(upstream:track)%00%(upstream:remotename)%00%(upstream:remoteref) refs/heads/main refs/remotes/main [3ms]
2025-09-29 20:46:38.215 [info] > git for-each-ref --sort -committerdate --format %(refname)%00%(objectname)%00%(*objectname) [5ms]
2025-09-29 20:46:38.239 [info] > git status -z -uall [58ms]
2025-09-29 20:46:43.252 [info] > git config --get commit.template [2ms]
2025-09-29 20:46:43.261 [info] > git for-each-ref --format=%(refname)%00%(upstream:short)%00%(objectname)%00%(upstream:track)%00%(upstream:remotename)%00%(upstream:remoteref) refs/heads/main refs/remotes/main [2ms]
2025-09-29 20:46:43.290 [info] > git for-each-ref --sort -committerdate --format %(refname)%00%(objectname)%00%(*objectname) [3ms]
2025-09-29 20:46:43.304 [info] > git status -z -uall [36ms]
2025-09-29 20:46:48.353 [info] > git config --get commit.template [21ms]
2025-09-29 20:46:48.354 [info] > git for-each-ref --format=%(refname)%00%(upstream:short)%00%(objectname)%00%(upstream:track)%00%(upstream:remotename)%00%(upstream:remoteref) refs/heads/main refs/remotes/main [2ms]
2025-09-29 20:46:48.391 [info] > git for-each-ref --sort -committerdate --format %(refname)%00%(objectname)%00%(*objectname) [5ms]
2025-09-29 20:46:48.788 [info] > git status -z -uall [422ms]
2025-09-29 20:46:53.804 [info] > git config --get commit.template [2ms]
2025-09-29 20:46:53.817 [info] > git for-each-ref --format=%(refname)%00%(upstream:short)%00%(objectname)%00%(upstream:track)%00%(upstream:remotename)%00%(upstream:remoteref) refs/heads/main refs/remotes/main [2ms]
2025-09-29 20:46:53.854 [info] > git for-each-ref --sort -committerdate --format %(refname)%00%(objectname)%00%(*objectname) [7ms]
2025-09-29 20:46:53.869 [info] > git status -z -uall [42ms]
2025-09-29 20:46:58.911 [info] > git config --get commit.template [23ms]
2025-09-29 20:46:58.912 [info] > git for-each-ref --format=%(refname)%00%(upstream:short)%00%(objectname)%00%(upstream:track)%00%(upstream:remotename)%00%(upstream:remoteref) refs/heads/main refs/remotes/main [1ms]
2025-09-29 20:46:58.938 [info] > git for-each-ref --sort -committerdate --format %(refname)%00%(objectname)%00%(*objectname) [4ms]
2025-09-29 20:46:58.952 [info] > git status -z -uall [32ms]
2025-09-29 20:47:03.971 [info] > git config --get commit.template [9ms]
2025-09-29 20:47:03.972 [info] > git for-each-ref --format=%(refname)%00%(upstream:short)%00%(objectname)%00%(upstream:track)%00%(upstream:remotename)%00%(upstream:remoteref) refs/heads/main refs/remotes/main [2ms]
2025-09-29 20:47:03.993 [info] > git for-each-ref --sort -committerdate --format %(refname)%00%(objectname)%00%(*objectname) [3ms]
2025-09-29 20:47:04.008 [info] > git status -z -uall [29ms]
2025-09-29 20:47:09.020 [info] > git config --get commit.template [2ms]
2025-09-29 20:47:09.028 [info] > git for-each-ref --format=%(refname)%00%(upstream:short)%00%(objectname)%00%(upstream:track)%00%(upstream:remotename)%00%(upstream:remoteref) refs/heads/main refs/remotes/main [1ms]
2025-09-29 20:47:09.049 [info] > git for-each-ref --sort -committerdate --format %(refname)%00%(objectname)%00%(*objectname) [3ms]
2025-09-29 20:47:09.064 [info] > git status -z -uall [28ms]
2025-09-29 20:47:14.087 [info] > git config --get commit.template [14ms]
2025-09-29 20:47:14.088 [info] > git for-each-ref --format=%(refname)%00%(upstream:short)%00%(objectname)%00%(upstream:track)%00%(upstream:remotename)%00%(upstream:remoteref) refs/heads/main refs/remotes/main [2ms]
2025-09-29 20:47:14.112 [info] > git for-each-ref --sort -committerdate --format %(refname)%00%(objectname)%00%(*objectname) [1ms]
2025-09-29 20:47:14.127 [info] > git status -z -uall [29ms]
2025-09-29 20:47:19.139 [info] > git config --get commit.template [2ms]
2025-09-29 20:47:19.147 [info] > git for-each-ref --format=%(refname)%00%(upstream:short)%00%(objectname)%00%(upstream:track)%00%(upstream:remotename)%00%(upstream:remoteref) refs/heads/main refs/remotes/main [1ms]
2025-09-29 20:47:19.163 [info] > git for-each-ref --sort -committerdate --format %(refname)%00%(objectname)%00%(*objectname) [2ms]
2025-09-29 20:47:19.178 [info] > git status -z -uall [24ms]
2025-09-29 20:47:24.197 [info] > git config --get commit.template [9ms]
2025-09-29 20:47:24.198 [info] > git for-each-ref --format=%(refname)%00%(upstream:short)%00%(objectname)%00%(upstream:track)%00%(upstream:remotename)%00%(upstream:remoteref) refs/heads/main refs/remotes/main [2ms]
2025-09-29 20:47:24.218 [info] > git for-each-ref --sort -committerdate --format %(refname)%00%(objectname)%00%(*objectname) [2ms]
2025-09-29 20:47:24.234 [info] > git status -z -uall [29ms]
2025-09-29 20:47:29.253 [info] > git config --get commit.template [8ms]
2025-09-29 20:47:29.253 [info] > git for-each-ref --format=%(refname)%00%(upstream:short)%00%(objectname)%00%(upstream:track)%00%(upstream:remotename)%00%(upstream:remoteref) refs/heads/main refs/remotes/main [1ms]
2025-09-29 20:47:29.269 [info] > git for-each-ref --sort -committerdate --format %(refname)%00%(objectname)%00%(*objectname) [2ms]
2025-09-29 20:47:29.284 [info] > git status -z -uall [24ms]
2025-09-29 20:47:34.303 [info] > git config --get commit.template [9ms]
2025-09-29 20:47:34.304 [info] > git for-each-ref --format=%(refname)%00%(upstream:short)%00%(objectname)%00%(upstream:track)%00%(upstream:remotename)%00%(upstream:remoteref) refs/heads/main refs/remotes/main [2ms]
2025-09-29 20:47:34.325 [info] > git for-each-ref --sort -committerdate --format %(refname)%00%(objectname)%00%(*objectname) [3ms]
2025-09-29 20:47:34.340 [info] > git status -z -uall [29ms]
2025-09-29 20:47:39.352 [info] > git config --get commit.template [2ms]
2025-09-29 20:47:39.361 [info] > git for-each-ref --format=%(refname)%00%(upstream:short)%00%(objectname)%00%(upstream:track)%00%(upstream:remotename)%00%(upstream:remoteref) refs/heads/main refs/remotes/main [1ms]
2025-09-29 20:47:39.382 [info] > git for-each-ref --sort -committerdate --format %(refname)%00%(objectname)%00%(*objectname) [3ms]
2025-09-29 20:47:39.397 [info] > git status -z -uall [29ms]
2025-09-29 20:47:44.415 [info] > git config --get commit.template [8ms]
2025-09-29 20:47:44.416 [info] > git for-each-ref --format=%(refname)%00%(upstream:short)%00%(objectname)%00%(upstream:track)%00%(upstream:remotename)%00%(upstream:remoteref) refs/heads/main refs/remotes/main [2ms]
2025-09-29 20:47:44.432 [info] > git for-each-ref --sort -committerdate --format %(refname)%00%(objectname)%00%(*objectname) [2ms]
2025-09-29 20:47:44.446 [info] > git status -z -uall [23ms]
2025-09-29 20:47:49.465 [info] > git config --get commit.template [9ms]
2025-09-29 20:47:49.466 [info] > git for-each-ref --format=%(refname)%00%(upstream:short)%00%(objectname)%00%(upstream:track)%00%(upstream:remotename)%00%(upstream:remoteref) refs/heads/main refs/remotes/main [2ms]
2025-09-29 20:47:49.488 [info] > git for-each-ref --sort -committerdate --format %(refname)%00%(objectname)%00%(*objectname) [4ms]
2025-09-29 20:47:49.502 [info] > git status -z -uall [29ms]
2025-09-29 20:47:54.515 [info] > git config --get commit.template [2ms]
2025-09-29 20:47:54.524 [info] > git for-each-ref --format=%(refname)%00%(upstream:short)%00%(objectname)%00%(upstream:track)%00%(upstream:remotename)%00%(upstream:remoteref) refs/heads/main refs/remotes/main [2ms]
2025-09-29 20:47:54.545 [info] > git for-each-ref --sort -committerdate --format %(refname)%00%(objectname)%00%(*objectname) [3ms]
2025-09-29 20:47:54.559 [info] > git status -z -uall [28ms]
2025-09-29 20:47:59.578 [info] > git config --get commit.template [9ms]
2025-09-29 20:47:59.579 [info] > git for-each-ref --format=%(refname)%00%(upstream:short)%00%(objectname)%00%(upstream:track)%00%(upstream:remotename)%00%(upstream:remoteref) refs/heads/main refs/remotes/main [2ms]
2025-09-29 20:47:59.601 [info] > git for-each-ref --sort -committerdate --format %(refname)%00%(objectname)%00%(*objectname) [2ms]
2025-09-29 20:47:59.615 [info] > git status -z -uall [29ms]
2025-09-29 20:48:04.635 [info] > git config --get commit.template [9ms]
2025-09-29 20:48:04.637 [info] > git for-each-ref --format=%(refname)%00%(upstream:short)%00%(objectname)%00%(upstream:track)%00%(upstream:remotename)%00%(upstream:remoteref) refs/heads/main refs/remotes/main [4ms]
2025-09-29 20:48:04.659 [info] > git for-each-ref --sort -committerdate --format %(refname)%00%(objectname)%00%(*objectname) [3ms]
2025-09-29 20:48:04.674 [info] > git status -z -uall [29ms]
2025-09-29 20:48:09.691 [info] > git config --get commit.template [8ms]
2025-09-29 20:48:09.692 [info] > git for-each-ref --format=%(refname)%00%(upstream:short)%00%(objectname)%00%(upstream:track)%00%(upstream:remotename)%00%(upstream:remoteref) refs/heads/main refs/remotes/main [2ms]
2025-09-29 20:48:09.713 [info] > git for-each-ref --sort -committerdate --format %(refname)%00%(objectname)%00%(*objectname) [3ms]
2025-09-29 20:48:09.727 [info] > git status -z -uall [27ms]
2025-09-29 20:48:14.745 [info] > git config --get commit.template [8ms]
2025-09-29 20:48:14.746 [info] > git for-each-ref --format=%(refname)%00%(upstream:short)%00%(objectname)%00%(upstream:track)%00%(upstream:remotename)%00%(upstream:remoteref) refs/heads/main refs/remotes/main [2ms]
2025-09-29 20:48:14.766 [info] > git for-each-ref --sort -committerdate --format %(refname)%00%(objectname)%00%(*objectname) [3ms]
2025-09-29 20:48:14.780 [info] > git status -z -uall [27ms]
2025-09-29 20:48:19.799 [info] > git config --get commit.template [9ms]
2025-09-29 20:48:19.800 [info] > git for-each-ref --format=%(refname)%00%(upstream:short)%00%(objectname)%00%(upstream:track)%00%(upstream:remotename)%00%(upstream:remoteref) refs/heads/main refs/remotes/main [1ms]
2025-09-29 20:48:19.825 [info] > git for-each-ref --sort -committerdate --format %(refname)%00%(objectname)%00%(*objectname) [5ms]
2025-09-29 20:48:19.838 [info] > git status -z -uall [29ms]
2025-09-29 20:48:20.814 [info] > git check-ignore -v -z --stdin [5ms]
2025-09-29 20:48:22.349 [info] > git fetch [331ms]
2025-09-29 20:48:22.366 [info] > git config --get commit.template [9ms]
2025-09-29 20:48:22.367 [info] > git for-each-ref --format=%(refname)%00%(upstream:short)%00%(objectname)%00%(upstream:track)%00%(upstream:remotename)%00%(upstream:remoteref) refs/heads/main refs/remotes/main [3ms]
2025-09-29 20:48:22.388 [info] > git for-each-ref --sort -committerdate --format %(refname)%00%(objectname)%00%(*objectname) [4ms]
2025-09-29 20:48:22.402 [info] > git status -z -uall [29ms]
2025-09-29 20:48:24.161 [info] > git ls-files --stage -- .gitignore [2ms]
2025-09-29 20:48:24.171 [info] > git cat-file -s 30bd623c235a8810777bf14d0bbeb674f4fe6295 [2ms]
2025-09-29 20:48:24.437 [info] > git show --textconv :.gitignore [2ms]
2025-09-29 20:48:24.854 [info] > git config --get commit.template [7ms]
2025-09-29 20:48:24.855 [info] > git for-each-ref --format=%(refname)%00%(upstream:short)%00%(objectname)%00%(upstream:track)%00%(upstream:remotename)%00%(upstream:remoteref) refs/heads/main refs/remotes/main [1ms]
2025-09-29 20:48:24.870 [info] > git for-each-ref --sort -committerdate --format %(refname)%00%(objectname)%00%(*objectname) [2ms]
2025-09-29 20:48:24.885 [info] > git status -z -uall [23ms]
2025-09-29 20:48:29.896 [info] > git config --get commit.template [1ms]
2025-09-29 20:48:29.904 [info] > git for-each-ref --format=%(refname)%00%(upstream:short)%00%(objectname)%00%(upstream:track)%00%(upstream:remotename)%00%(upstream:remoteref) refs/heads/main refs/remotes/main [1ms]
2025-09-29 20:48:29.920 [info] > git for-each-ref --sort -committerdate --format %(refname)%00%(objectname)%00%(*objectname) [2ms]
2025-09-29 20:48:29.934 [info] > git status -z -uall [23ms]
2025-09-29 20:48:34.952 [info] > git config --get commit.template [8ms]
2025-09-29 20:48:34.954 [info] > git for-each-ref --format=%(refname)%00%(upstream:short)%00%(objectname)%00%(upstream:track)%00%(upstream:remotename)%00%(upstream:remoteref) refs/heads/main refs/remotes/main [1ms]
2025-09-29 20:48:34.975 [info] > git for-each-ref --sort -committerdate --format %(refname)%00%(objectname)%00%(*objectname) [4ms]
2025-09-29 20:48:34.982 [info] > git status -z -uall [22ms]
2025-09-29 20:48:35.079 [info] > git check-ignore -v -z --stdin [3ms]
2025-09-29 20:48:39.995 [info] > git config --get commit.template [2ms]
2025-09-29 20:48:40.005 [info] > git for-each-ref --format=%(refname)%00%(upstream:short)%00%(objectname)%00%(upstream:track)%00%(upstream:remotename)%00%(upstream:remoteref) refs/heads/main refs/remotes/main [1ms]
2025-09-29 20:48:40.028 [info] > git for-each-ref --sort -committerdate --format %(refname)%00%(objectname)%00%(*objectname) [2ms]
2025-09-29 20:48:40.032 [info] > git status -z -uall [20ms]
2025-09-29 20:48:43.855 [info] > git config --get commit.template [2ms]
2025-09-29 20:48:43.863 [info] > git for-each-ref --format=%(refname)%00%(upstream:short)%00%(objectname)%00%(upstream:track)%00%(upstream:remotename)%00%(upstream:remoteref) refs/heads/main refs/remotes/main [1ms]
2025-09-29 20:48:43.884 [info] > git for-each-ref --sort -committerdate --format %(refname)%00%(objectname)%00%(*objectname) [3ms]
2025-09-29 20:48:43.892 [info] > git status -z -uall [21ms]
2025-09-29 20:48:45.045 [info] > git show --textconv HEAD:.gitignore [20ms]
2025-09-29 20:48:45.045 [info] > git ls-tree -l HEAD -- .gitignore [12ms]
2025-09-29 20:48:45.046 [info] > git config --get commit.template [4ms]
2025-09-29 20:48:45.055 [info] > git for-each-ref --format=%(refname)%00%(upstream:short)%00%(objectname)%00%(upstream:track)%00%(upstream:remotename)%00%(upstream:remoteref) refs/heads/main refs/remotes/main [1ms]
2025-09-29 20:48:45.079 [info] > git for-each-ref --sort -committerdate --format %(refname)%00%(objectname)%00%(*objectname) [2ms]
2025-09-29 20:48:45.083 [info] > git status -z -uall [20ms]
2025-09-29 20:48:45.357 [info] > git ls-files --stage -- .gitignore [9ms]
2025-09-29 20:48:45.363 [info] > git ls-tree -l HEAD -- .gitignore [8ms]
2025-09-29 20:48:45.365 [info] > git cat-file -s f8c18396d99f41ef685c6415a13ad1a35baded69 [2ms]
2025-09-29 20:48:45.675 [info] > git show --textconv :.gitignore [2ms]
2025-09-29 20:48:50.102 [info] > git for-each-ref --format=%(refname)%00%(upstream:short)%00%(objectname)%00%(upstream:track)%00%(upstream:remotename)%00%(upstream:remoteref) refs/heads/main refs/remotes/main [2ms]
2025-09-29 20:48:50.102 [info] > git config --get commit.template [9ms]
2025-09-29 20:48:50.127 [info] > git for-each-ref --sort -committerdate --format %(refname)%00%(objectname)%00%(*objectname) [3ms]
2025-09-29 20:48:50.131 [info] > git status -z -uall [20ms]
2025-09-29 20:48:55.148 [info] > git config --get commit.template [8ms]
2025-09-29 20:48:55.149 [info] > git for-each-ref --format=%(refname)%00%(upstream:short)%00%(objectname)%00%(upstream:track)%00%(upstream:remotename)%00%(upstream:remoteref) refs/heads/main refs/remotes/main [1ms]
2025-09-29 20:48:55.174 [info] > git for-each-ref --sort -committerdate --format %(refname)%00%(objectname)%00%(*objectname) [6ms]
2025-09-29 20:48:55.178 [info] > git status -z -uall [21ms]
2025-09-29 20:49:00.201 [info] > git config --get commit.template [9ms]
2025-09-29 20:49:00.202 [info] > git for-each-ref --format=%(refname)%00%(upstream:short)%00%(objectname)%00%(upstream:track)%00%(upstream:remotename)%00%(upstream:remoteref) refs/heads/main refs/remotes/main [2ms]
2025-09-29 20:49:00.232 [info] > git status -z -uall [23ms]
2025-09-29 20:49:00.232 [info] > git for-each-ref --sort -committerdate --format %(refname)%00%(objectname)%00%(*objectname) [12ms]
2025-09-29 20:49:00.237 [info] > git check-ignore -v -z --stdin [6ms]
2025-09-29 20:49:04.589 [info] > git check-ignore -v -z --stdin [3ms]
2025-09-29 20:49:06.665 [info] > git config --get commit.template [3ms]
2025-09-29 20:49:06.674 [info] > git for-each-ref --format=%(refname)%00%(upstream:short)%00%(objectname)%00%(upstream:track)%00%(upstream:remotename)%00%(upstream:remoteref) refs/heads/main refs/remotes/main [1ms]
2025-09-29 20:49:06.702 [info] > git status -z -uall [18ms]
2025-09-29 20:49:06.704 [info] > git for-each-ref --sort -committerdate --format %(refname)%00%(objectname)%00%(*objectname) [4ms]
2025-09-29 20:49:10.792 [info] > git check-ignore -v -z --stdin [3ms]
2025-09-29 20:49:13.663 [info] > git config --get commit.template [1ms]
2025-09-29 20:49:13.673 [info] > git for-each-ref --format=%(refname)%00%(upstream:short)%00%(objectname)%00%(upstream:track)%00%(upstream:remotename)%00%(upstream:remoteref) refs/heads/main refs/remotes/main [3ms]
2025-09-29 20:49:13.693 [info] > git for-each-ref --sort -committerdate --format %(refname)%00%(objectname)%00%(*objectname) [3ms]
2025-09-29 20:49:13.697 [info] > git status -z -uall [17ms]
