2025-09-25 10:46:12.200 [info] [main] Log level: Info
2025-09-25 10:46:12.200 [info] [main] Validating found git in: "git"
2025-09-25 10:46:12.200 [info] [main] Using git "2.43.0" from "git"
2025-09-25 10:46:12.200 [info] [Model][doInitialScan] Initial repository scan started
2025-09-25 10:46:12.201 [info] > git rev-parse --show-toplevel [31ms]
2025-09-25 10:46:12.201 [info] fatal: not a git repository (or any of the parent directories): .git
2025-09-25 10:46:12.204 [info] > git rev-parse --show-toplevel [48ms]
2025-09-25 10:46:12.205 [info] fatal: not a git repository (or any of the parent directories): .git
2025-09-25 10:46:12.213 [info] > git rev-parse --show-toplevel [1ms]
2025-09-25 10:46:12.214 [info] fatal: not a git repository (or any of the parent directories): .git
2025-09-25 10:46:12.220 [info] > git rev-parse --show-toplevel [1ms]
2025-09-25 10:46:12.220 [info] fatal: not a git repository (or any of the parent directories): .git
2025-09-25 10:46:12.227 [info] > git rev-parse --show-toplevel [1ms]
2025-09-25 10:46:12.227 [info] fatal: not a git repository (or any of the parent directories): .git
2025-09-25 10:46:12.229 [info] [Model][doInitialScan] Initial repository scan completed - repositories (0), closed repositories (0), parent repositories (0), unsafe repositories (0)
2025-09-25 10:55:42.810 [info] > git rev-parse --show-toplevel [2ms]
2025-09-25 10:55:42.810 [info] fatal: not a git repository (or any of the parent directories): .git
2025-09-25 10:56:04.289 [info] > git rev-parse --show-toplevel [6ms]
2025-09-25 10:56:04.290 [info] fatal: not a git repository (or any of the parent directories): .git
2025-09-25 10:56:47.669 [info] > git rev-parse --show-toplevel [1ms]
2025-09-25 10:56:47.669 [info] fatal: not a git repository (or any of the parent directories): .git
2025-09-25 11:12:17.078 [info] > git rev-parse --show-toplevel [3ms]
2025-09-25 11:12:17.078 [info] fatal: not a git repository (or any of the parent directories): .git
2025-09-25 11:34:38.287 [info] > git rev-parse --show-toplevel [2ms]
2025-09-25 11:34:38.287 [info] fatal: not a git repository (or any of the parent directories): .git
